[ 2015-01-28T18:14:07+08:00 ] 127.0.0.1 /exunxi/
INFO: [ app_begin ] --START--
INFO: ReadHtmlCache Behavior ::run [ RunTime:0.011905s ]
INFO: [ app_begin ] --END-- [ RunTime:0.012030s ]
INFO: [ view_parse ] --START--
NOTIC: [2] is_file() [<a href='function.is-file'>function.is-file</a>]: File name is longer than the maximum allowed path length on this platform (260): &lt;style type=&quot;text/css&quot;&gt;*{ padding: 0; margin: 0; } div{ padding: 4px 48px;} body{ background: #fff; font-family: &quot;微软雅黑&quot;; color: #333;} h1{ font-size: 100px; font-weight: normal; margin-bottom: 12px; } p{ line-height: 1.8em; font-size: 36px }&lt;/style&gt;&lt;div style=&quot;padding: 24px 48px;&quot;&gt; &lt;h1&gt;:)&lt;/h1&gt;&lt;p&gt;欢迎使用 &lt;b&gt;ThinkPHP&lt;/b&gt;！&lt;/p&gt;&lt;/div&gt;&lt;script type=&quot;text/javascript&quot; src=&quot;http://tajs.qq.com/stats?sId=9347272&quot; charset=&quot;UTF-8&quot;&gt;&lt;/script&gt; G:\php\htdocs\exunxi\ThinkPHP\Lib\Template\ThinkTemplate.class.php 第 96 行.
INFO: ParseTemplate Behavior ::run [ RunTime:0.085087s ]
INFO: [ view_parse ] --END-- [ RunTime:0.085223s ]
INFO: [ view_filter ] --START--
NOTIC: [8] Use of undefined constant APP_TMPL_PATH - assumed 'APP_TMPL_PATH' G:\php\htdocs\exunxi\ThinkPHP\Lib\Behavior\ContentReplaceBehavior.class.php 第 40 行.
NOTIC: [8] Use of undefined constant APP_TMPL_PATH - assumed 'APP_TMPL_PATH' G:\php\htdocs\exunxi\ThinkPHP\Lib\Behavior\ContentReplaceBehavior.class.php 第 47 行.
INFO: ContentReplace Behavior ::run [ RunTime:0.009447s ]
INFO: TokenBuild Behavior ::run [ RunTime:0.009508s ]
INFO: WriteHtmlCache Behavior ::run [ RunTime:0.009393s ]
INFO: ShowRuntime Behavior ::run [ RunTime:0.009389s ]
INFO: [ view_filter ] --END-- [ RunTime:0.037973s ]
INFO: [ view_end ] --START--
INFO: ShowPageTrace Behavior ::run [ RunTime:0.009729s ]
INFO: [ view_end ] --END-- [ RunTime:0.009806s ]

[ 2015-01-28T18:16:23+08:00 ] 127.0.0.1 /exunxi/
INFO: [ app_begin ] --START--
INFO: ReadHtmlCache Behavior ::run [ RunTime:0.010401s ]
INFO: [ app_begin ] --END-- [ RunTime:0.010546s ]
INFO: [ view_parse ] --START--
INFO: ParseTemplate Behavior ::run [ RunTime:0.017437s ]
INFO: [ view_parse ] --END-- [ RunTime:0.017557s ]
INFO: [ view_filter ] --START--
NOTIC: [8] Use of undefined constant APP_TMPL_PATH - assumed 'APP_TMPL_PATH' G:\php\htdocs\exunxi\ThinkPHP\Lib\Behavior\ContentReplaceBehavior.class.php 第 40 行.
NOTIC: [8] Use of undefined constant APP_TMPL_PATH - assumed 'APP_TMPL_PATH' G:\php\htdocs\exunxi\ThinkPHP\Lib\Behavior\ContentReplaceBehavior.class.php 第 47 行.
INFO: ContentReplace Behavior ::run [ RunTime:0.009651s ]
INFO: TokenBuild Behavior ::run [ RunTime:0.009630s ]
INFO: WriteHtmlCache Behavior ::run [ RunTime:0.009714s ]
INFO: ShowRuntime Behavior ::run [ RunTime:0.009722s ]
INFO: [ view_filter ] --END-- [ RunTime:0.038978s ]
INFO: [ view_end ] --START--
INFO: ShowPageTrace Behavior ::run [ RunTime:0.010778s ]
INFO: [ view_end ] --END-- [ RunTime:0.010870s ]

[ 2015-01-28T18:16:53+08:00 ] 127.0.0.1 /exunxi/
INFO: [ app_begin ] --START--
INFO: ReadHtmlCache Behavior ::run [ RunTime:0.009728s ]
INFO: [ app_begin ] --END-- [ RunTime:0.009855s ]
INFO: [ view_parse ] --START--
INFO: ParseTemplate Behavior ::run [ RunTime:0.070265s ]
INFO: [ view_parse ] --END-- [ RunTime:0.070384s ]
INFO: [ view_filter ] --START--
INFO: ContentReplace Behavior ::run [ RunTime:0.009628s ]
INFO: TokenBuild Behavior ::run [ RunTime:0.009880s ]
INFO: WriteHtmlCache Behavior ::run [ RunTime:0.009296s ]
INFO: ShowRuntime Behavior ::run [ RunTime:0.010141s ]
INFO: [ view_filter ] --END-- [ RunTime:0.039200s ]
INFO: [ view_end ] --START--
INFO: ShowPageTrace Behavior ::run [ RunTime:0.011249s ]
INFO: [ view_end ] --END-- [ RunTime:0.011397s ]

[ 2015-01-28T18:23:06+08:00 ] 127.0.0.1 /exunxi/
INFO: [ app_begin ] --START--
INFO: ReadHtmlCache Behavior ::run [ RunTime:0.009482s ]
INFO: [ app_begin ] --END-- [ RunTime:0.009610s ]
NOTIC: [8] Undefined variable: cate G:\php\htdocs\exunxi\Application\Lib\Action\CommonAction.class.php 第 12 行.
SQL: SHOW COLUMNS FROM `tg_setup` [ RunTime:0.130522s ]
SQL: SELECT * FROM `tg_setup` WHERE ( id=1 ) LIMIT 1   [ RunTime:0.003974s ]
NOTIC: [8] Undefined index: notice G:\php\htdocs\exunxi\Application\Lib\Action\CommonAction.class.php 第 19 行.
SQL: SHOW COLUMNS FROM `tg_xwclass` [ RunTime:0.008160s ]
SQL: SELECT `id`,`classname`,`topid` FROM `tg_xwclass`  [ RunTime:0.003033s ]
NOTIC: [8] Undefined variable: id G:\php\htdocs\exunxi\Application\Lib\Action\CommonAction.class.php 第 35 行.

[ 2015-01-28T18:23:53+08:00 ] 127.0.0.1 /exunxi/
INFO: [ app_begin ] --START--
INFO: ReadHtmlCache Behavior ::run [ RunTime:0.014007s ]
INFO: [ app_begin ] --END-- [ RunTime:0.014147s ]
NOTIC: [8] Undefined variable: cate G:\php\htdocs\exunxi\Application\Lib\Action\CommonAction.class.php 第 12 行.
SQL: SHOW COLUMNS FROM `tg_setup` [ RunTime:0.014405s ]
SQL: SELECT * FROM `tg_setup` WHERE ( id=1 ) LIMIT 1   [ RunTime:0.001219s ]
NOTIC: [8] Undefined index: notice G:\php\htdocs\exunxi\Application\Lib\Action\CommonAction.class.php 第 19 行.
NOTIC: [8] Undefined variable: id G:\php\htdocs\exunxi\Application\Lib\Action\CommonAction.class.php 第 35 行.
SQL: SHOW COLUMNS FROM `tg_link` [ RunTime:0.097081s ]
SQL: SELECT `id`,`title`,`link` FROM `tg_link`  [ RunTime:0.001495s ]
INFO: [ view_parse ] --START--
INFO: ParseTemplate Behavior ::run [ RunTime:0.169644s ]
INFO: [ view_parse ] --END-- [ RunTime:0.169790s ]
INFO: [ view_filter ] --START--
INFO: ContentReplace Behavior ::run [ RunTime:0.010931s ]
INFO: TokenBuild Behavior ::run [ RunTime:0.010599s ]
INFO: WriteHtmlCache Behavior ::run [ RunTime:0.011120s ]
INFO: ShowRuntime Behavior ::run [ RunTime:0.011306s ]
INFO: [ view_filter ] --END-- [ RunTime:0.044229s ]
INFO: [ view_end ] --START--
INFO: ShowPageTrace Behavior ::run [ RunTime:0.011853s ]
INFO: [ view_end ] --END-- [ RunTime:0.011947s ]

[ 2015-01-28T18:32:50+08:00 ] 127.0.0.1 /exunxi/
INFO: [ app_begin ] --START--
INFO: ReadHtmlCache Behavior ::run [ RunTime:0.010030s ]
INFO: [ app_begin ] --END-- [ RunTime:0.010143s ]
NOTIC: [8] Undefined variable: cate G:\php\htdocs\exunxi\Application\Lib\Action\CommonAction.class.php 第 12 行.
SQL: SHOW COLUMNS FROM `tg_setup` [ RunTime:0.213500s ]
SQL: SELECT * FROM `tg_setup` WHERE ( id=1 ) LIMIT 1   [ RunTime:0.004520s ]
NOTIC: [8] Undefined index: notice G:\php\htdocs\exunxi\Application\Lib\Action\CommonAction.class.php 第 19 行.
NOTIC: [8] Undefined variable: id G:\php\htdocs\exunxi\Application\Lib\Action\CommonAction.class.php 第 35 行.
SQL: SHOW COLUMNS FROM `tg_link` [ RunTime:0.005180s ]
SQL: SELECT `id`,`title`,`link` FROM `tg_link`  [ RunTime:0.001550s ]
INFO: [ view_parse ] --START--
INFO: ParseTemplate Behavior ::run [ RunTime:0.437846s ]
INFO: [ view_parse ] --END-- [ RunTime:0.438004s ]
INFO: [ view_filter ] --START--
INFO: ContentReplace Behavior ::run [ RunTime:0.014199s ]
INFO: TokenBuild Behavior ::run [ RunTime:0.019761s ]
INFO: WriteHtmlCache Behavior ::run [ RunTime:0.010274s ]
INFO: ShowRuntime Behavior ::run [ RunTime:0.009683s ]
INFO: [ view_filter ] --END-- [ RunTime:0.054185s ]
INFO: [ view_end ] --START--
INFO: ShowPageTrace Behavior ::run [ RunTime:0.013727s ]
INFO: [ view_end ] --END-- [ RunTime:0.013825s ]

[ 2015-01-28T18:44:56+08:00 ] 127.0.0.1 /exunxi/
INFO: [ app_begin ] --START--
INFO: ReadHtmlCache Behavior ::run [ RunTime:0.009986s ]
INFO: [ app_begin ] --END-- [ RunTime:0.010096s ]
NOTIC: [8] Undefined variable: cate G:\php\htdocs\exunxi\Application\Lib\Action\CommonAction.class.php 第 12 行.
SQL: SHOW COLUMNS FROM `tg_setup` [ RunTime:0.009199s ]
SQL: SELECT * FROM `tg_setup` WHERE ( id=1 ) LIMIT 1   [ RunTime:0.002545s ]
NOTIC: [8] Undefined index: notice G:\php\htdocs\exunxi\Application\Lib\Action\CommonAction.class.php 第 19 行.
NOTIC: [8] Undefined variable: id G:\php\htdocs\exunxi\Application\Lib\Action\CommonAction.class.php 第 35 行.
SQL: SHOW COLUMNS FROM `tg_link` [ RunTime:0.006039s ]
SQL: SELECT `id`,`title`,`link` FROM `tg_link`  [ RunTime:0.001591s ]
INFO: [ view_parse ] --START--
INFO: ParseTemplate Behavior ::run [ RunTime:0.067927s ]
INFO: [ view_parse ] --END-- [ RunTime:0.068051s ]
INFO: [ view_filter ] --START--
INFO: ContentReplace Behavior ::run [ RunTime:0.009585s ]
INFO: TokenBuild Behavior ::run [ RunTime:0.009246s ]
INFO: WriteHtmlCache Behavior ::run [ RunTime:0.009043s ]
INFO: ShowRuntime Behavior ::run [ RunTime:0.009489s ]
INFO: [ view_filter ] --END-- [ RunTime:0.037605s ]
INFO: [ view_end ] --START--
INFO: ShowPageTrace Behavior ::run [ RunTime:0.009660s ]
INFO: [ view_end ] --END-- [ RunTime:0.009745s ]

[ 2015-01-28T18:46:56+08:00 ] 127.0.0.1 /exunxi/
INFO: [ app_begin ] --START--
INFO: ReadHtmlCache Behavior ::run [ RunTime:0.010165s ]
INFO: [ app_begin ] --END-- [ RunTime:0.010277s ]
NOTIC: [8] Undefined variable: cate G:\php\htdocs\exunxi\Application\Lib\Action\CommonAction.class.php 第 12 行.
SQL: SHOW COLUMNS FROM `tg_setup` [ RunTime:0.006689s ]
SQL: SELECT * FROM `tg_setup` WHERE ( id=1 ) LIMIT 1   [ RunTime:0.001981s ]
NOTIC: [8] Undefined index: notice G:\php\htdocs\exunxi\Application\Lib\Action\CommonAction.class.php 第 19 行.
NOTIC: [8] Undefined variable: id G:\php\htdocs\exunxi\Application\Lib\Action\CommonAction.class.php 第 35 行.
SQL: SHOW COLUMNS FROM `tg_link` [ RunTime:0.004948s ]
SQL: SELECT `id`,`title`,`link` FROM `tg_link`  [ RunTime:0.001581s ]
INFO: [ view_parse ] --START--
INFO: ParseTemplate Behavior ::run [ RunTime:0.071805s ]
INFO: [ view_parse ] --END-- [ RunTime:0.071928s ]
INFO: [ view_filter ] --START--
INFO: ContentReplace Behavior ::run [ RunTime:0.010279s ]
INFO: TokenBuild Behavior ::run [ RunTime:0.009782s ]
INFO: WriteHtmlCache Behavior ::run [ RunTime:0.010425s ]
INFO: ShowRuntime Behavior ::run [ RunTime:0.009974s ]
INFO: [ view_filter ] --END-- [ RunTime:0.040722s ]
INFO: [ view_end ] --START--
INFO: ShowPageTrace Behavior ::run [ RunTime:0.010597s ]
INFO: [ view_end ] --END-- [ RunTime:0.010723s ]

[ 2015-01-28T18:47:28+08:00 ] 127.0.0.1 /exunxi/
INFO: [ app_begin ] --START--
INFO: ReadHtmlCache Behavior ::run [ RunTime:0.010550s ]
INFO: [ app_begin ] --END-- [ RunTime:0.010668s ]
NOTIC: [8] Undefined variable: cate G:\php\htdocs\exunxi\Application\Lib\Action\CommonAction.class.php 第 12 行.
SQL: SHOW COLUMNS FROM `tg_setup` [ RunTime:0.008936s ]
SQL: SELECT * FROM `tg_setup` WHERE ( id=1 ) LIMIT 1   [ RunTime:0.003008s ]
NOTIC: [8] Undefined index: notice G:\php\htdocs\exunxi\Application\Lib\Action\CommonAction.class.php 第 19 行.
NOTIC: [8] Undefined variable: id G:\php\htdocs\exunxi\Application\Lib\Action\CommonAction.class.php 第 35 行.
SQL: SHOW COLUMNS FROM `tg_link` [ RunTime:0.004656s ]
SQL: SELECT `id`,`title`,`link` FROM `tg_link`  [ RunTime:0.001491s ]
INFO: [ view_parse ] --START--
INFO: ParseTemplate Behavior ::run [ RunTime:0.071377s ]
INFO: [ view_parse ] --END-- [ RunTime:0.071499s ]
INFO: [ view_filter ] --START--
INFO: ContentReplace Behavior ::run [ RunTime:0.010004s ]
INFO: TokenBuild Behavior ::run [ RunTime:0.009527s ]
INFO: WriteHtmlCache Behavior ::run [ RunTime:0.009817s ]
INFO: ShowRuntime Behavior ::run [ RunTime:0.010851s ]
INFO: [ view_filter ] --END-- [ RunTime:0.040456s ]
INFO: [ view_end ] --START--
INFO: ShowPageTrace Behavior ::run [ RunTime:0.013370s ]
INFO: [ view_end ] --END-- [ RunTime:0.013499s ]

[ 2015-01-28T18:49:43+08:00 ] 127.0.0.1 /exunxi/
INFO: [ app_begin ] --START--
INFO: ReadHtmlCache Behavior ::run [ RunTime:0.009770s ]
INFO: [ app_begin ] --END-- [ RunTime:0.009950s ]
NOTIC: [8] Undefined variable: cate G:\php\htdocs\exunxi\Application\Lib\Action\CommonAction.class.php 第 12 行.
SQL: SHOW COLUMNS FROM `tg_setup` [ RunTime:0.016803s ]
SQL: SELECT * FROM `tg_setup` WHERE ( id=1 ) LIMIT 1   [ RunTime:0.002255s ]
NOTIC: [8] Undefined index: notice G:\php\htdocs\exunxi\Application\Lib\Action\CommonAction.class.php 第 19 行.
NOTIC: [8] Undefined variable: id G:\php\htdocs\exunxi\Application\Lib\Action\CommonAction.class.php 第 35 行.
SQL: SHOW COLUMNS FROM `tg_link` [ RunTime:0.005263s ]
SQL: SELECT `id`,`title`,`link` FROM `tg_link`  [ RunTime:0.001123s ]
INFO: [ view_parse ] --START--
INFO: ParseTemplate Behavior ::run [ RunTime:0.088773s ]
INFO: [ view_parse ] --END-- [ RunTime:0.088881s ]
INFO: [ view_filter ] --START--
INFO: ContentReplace Behavior ::run [ RunTime:0.011150s ]
INFO: TokenBuild Behavior ::run [ RunTime:0.013017s ]
INFO: WriteHtmlCache Behavior ::run [ RunTime:0.015679s ]
INFO: ShowRuntime Behavior ::run [ RunTime:0.010065s ]
INFO: [ view_filter ] --END-- [ RunTime:0.050184s ]
INFO: [ view_end ] --START--
INFO: ShowPageTrace Behavior ::run [ RunTime:0.009957s ]
INFO: [ view_end ] --END-- [ RunTime:0.010052s ]

[ 2015-01-28T18:54:00+08:00 ] 127.0.0.1 /exunxi/
INFO: [ app_begin ] --START--
INFO: ReadHtmlCache Behavior ::run [ RunTime:0.009638s ]
INFO: [ app_begin ] --END-- [ RunTime:0.009750s ]
NOTIC: [8] Undefined variable: cate G:\php\htdocs\exunxi\Application\Lib\Action\CommonAction.class.php 第 12 行.
SQL: SHOW COLUMNS FROM `tg_setup` [ RunTime:0.012657s ]
SQL: SELECT * FROM `tg_setup` WHERE ( id=1 ) LIMIT 1   [ RunTime:0.004287s ]
NOTIC: [8] Undefined index: notice G:\php\htdocs\exunxi\Application\Lib\Action\CommonAction.class.php 第 19 行.
NOTIC: [8] Undefined variable: id G:\php\htdocs\exunxi\Application\Lib\Action\CommonAction.class.php 第 35 行.
SQL: SHOW COLUMNS FROM `tg_link` [ RunTime:0.005332s ]
SQL: SELECT `id`,`title`,`link` FROM `tg_link`  [ RunTime:0.002354s ]
INFO: [ view_parse ] --START--
INFO: ParseTemplate Behavior ::run [ RunTime:0.069797s ]
INFO: [ view_parse ] --END-- [ RunTime:0.069906s ]
INFO: [ view_filter ] --START--
INFO: ContentReplace Behavior ::run [ RunTime:0.009737s ]
INFO: TokenBuild Behavior ::run [ RunTime:0.009497s ]
INFO: WriteHtmlCache Behavior ::run [ RunTime:0.009317s ]
INFO: ShowRuntime Behavior ::run [ RunTime:0.009659s ]
INFO: [ view_filter ] --END-- [ RunTime:0.038462s ]
INFO: [ view_end ] --START--
INFO: ShowPageTrace Behavior ::run [ RunTime:0.015225s ]
INFO: [ view_end ] --END-- [ RunTime:0.015340s ]

[ 2015-01-28T18:55:08+08:00 ] 127.0.0.1 /exunxi/
INFO: [ app_begin ] --START--
INFO: ReadHtmlCache Behavior ::run [ RunTime:0.009678s ]
INFO: [ app_begin ] --END-- [ RunTime:0.009794s ]
NOTIC: [8] Undefined variable: cate G:\php\htdocs\exunxi\Application\Lib\Action\CommonAction.class.php 第 12 行.
SQL: SHOW COLUMNS FROM `tg_setup` [ RunTime:0.007005s ]
SQL: SELECT * FROM `tg_setup` WHERE ( id=1 ) LIMIT 1   [ RunTime:0.002457s ]
NOTIC: [8] Undefined index: notice G:\php\htdocs\exunxi\Application\Lib\Action\CommonAction.class.php 第 19 行.
NOTIC: [8] Undefined variable: id G:\php\htdocs\exunxi\Application\Lib\Action\CommonAction.class.php 第 35 行.
SQL: SHOW COLUMNS FROM `tg_link` [ RunTime:0.007752s ]
SQL: SELECT `id`,`title`,`link` FROM `tg_link`  [ RunTime:0.000644s ]
INFO: [ view_parse ] --START--
INFO: ParseTemplate Behavior ::run [ RunTime:0.074855s ]
INFO: [ view_parse ] --END-- [ RunTime:0.074968s ]
INFO: [ view_filter ] --START--
INFO: ContentReplace Behavior ::run [ RunTime:0.010276s ]
INFO: TokenBuild Behavior ::run [ RunTime:0.009776s ]
INFO: WriteHtmlCache Behavior ::run [ RunTime:0.009612s ]
INFO: ShowRuntime Behavior ::run [ RunTime:0.009703s ]
INFO: [ view_filter ] --END-- [ RunTime:0.039646s ]
INFO: [ view_end ] --START--
INFO: ShowPageTrace Behavior ::run [ RunTime:0.009883s ]
INFO: [ view_end ] --END-- [ RunTime:0.009976s ]

