[ 2015-01-26T18:26:53+08:00 ] 127.0.0.1 /exunxi/BookManage.php/index/index.html
INFO: [ route_check ] --START--
INFO: CheckRoute Behavior ::run [ RunTime:0.048951s ]
INFO: [ route_check ] --END-- [ RunTime:0.103461s ]
INFO: [ app_begin ] --START--
INFO: ReadHtmlCache Behavior ::run [ RunTime:0.016854s ]
INFO: [ app_begin ] --END-- [ RunTime:0.017028s ]
INFO: [ view_parse ] --START--
NOTIC: [8] Undefined variable: message G:\php\htdocs\exunxi\Bmanage\Runtime\Cache\e614d7b1ff250ccd7ce485f7ac1d3fbb.php 第 58 行.
NOTIC: [8] Undefined variable: message G:\php\htdocs\exunxi\Bmanage\Runtime\Cache\e614d7b1ff250ccd7ce485f7ac1d3fbb.php 第 64 行.
INFO: ParseTemplate Behavior ::run [ RunTime:0.084737s ]
INFO: [ view_parse ] --END-- [ RunTime:0.084828s ]
INFO: [ view_filter ] --START--
INFO: ContentReplace Behavior ::run [ RunTime:0.019193s ]
INFO: TokenBuild Behavior ::run [ RunTime:0.010405s ]
INFO: WriteHtmlCache Behavior ::run [ RunTime:0.010077s ]
INFO: ShowRuntime Behavior ::run [ RunTime:0.010475s ]
INFO: [ view_filter ] --END-- [ RunTime:0.050382s ]
INFO: [ view_end ] --START--
INFO: ShowPageTrace Behavior ::run [ RunTime:0.010357s ]
INFO: [ view_end ] --END-- [ RunTime:0.010457s ]

[ 2015-01-26T18:26:55+08:00 ] 127.0.0.1 /exunxi/BookManage.php/public/login.html
INFO: [ route_check ] --START--
INFO: CheckRoute Behavior ::run [ RunTime:0.009618s ]
INFO: [ route_check ] --END-- [ RunTime:0.009720s ]
INFO: [ app_begin ] --START--
INFO: ReadHtmlCache Behavior ::run [ RunTime:0.009386s ]
INFO: [ app_begin ] --END-- [ RunTime:0.009483s ]
INFO: [ view_parse ] --START--
INFO: ParseTemplate Behavior ::run [ RunTime:0.104281s ]
INFO: [ view_parse ] --END-- [ RunTime:0.104451s ]
INFO: [ view_filter ] --START--
INFO: ContentReplace Behavior ::run [ RunTime:0.009213s ]
INFO: TokenBuild Behavior ::run [ RunTime:0.009403s ]
INFO: WriteHtmlCache Behavior ::run [ RunTime:0.009116s ]
INFO: ShowRuntime Behavior ::run [ RunTime:0.009795s ]
INFO: [ view_filter ] --END-- [ RunTime:0.037753s ]
INFO: [ view_end ] --START--
INFO: ShowPageTrace Behavior ::run [ RunTime:0.009842s ]
INFO: [ view_end ] --END-- [ RunTime:0.009921s ]

[ 2015-01-26T18:26:56+08:00 ] 127.0.0.1 /exunxi/BookManage.php/public/checkcode.html
INFO: [ route_check ] --START--
INFO: CheckRoute Behavior ::run [ RunTime:0.009845s ]
INFO: [ route_check ] --END-- [ RunTime:0.009972s ]
INFO: [ app_begin ] --START--
INFO: ReadHtmlCache Behavior ::run [ RunTime:0.009526s ]
INFO: [ app_begin ] --END-- [ RunTime:0.009628s ]

[ 2015-01-26T18:27:08+08:00 ] 127.0.0.1 /exunxi/BookManage.php/public/check.html
INFO: [ route_check ] --START--
INFO: CheckRoute Behavior ::run [ RunTime:0.010682s ]
INFO: [ route_check ] --END-- [ RunTime:0.010806s ]
INFO: [ app_begin ] --START--
INFO: ReadHtmlCache Behavior ::run [ RunTime:0.010570s ]
INFO: [ app_begin ] --END-- [ RunTime:0.010667s ]
SQL: SHOW COLUMNS FROM `tg_admin` [ RunTime:0.244970s ]
SQL: SELECT * FROM `tg_admin` WHERE ( ad_name='admin' ) LIMIT 1   [ RunTime:0.061503s ]
INFO: [ view_parse ] --START--
NOTIC: [8] Undefined variable: error G:\php\htdocs\exunxi\Bmanage\Runtime\Cache\e614d7b1ff250ccd7ce485f7ac1d3fbb.php 第 61 行.
NOTIC: [8] Undefined variable: error G:\php\htdocs\exunxi\Bmanage\Runtime\Cache\e614d7b1ff250ccd7ce485f7ac1d3fbb.php 第 65 行.
INFO: ParseTemplate Behavior ::run [ RunTime:0.090510s ]
INFO: [ view_parse ] --END-- [ RunTime:0.090660s ]
INFO: [ view_filter ] --START--
INFO: ContentReplace Behavior ::run [ RunTime:0.009516s ]
INFO: TokenBuild Behavior ::run [ RunTime:0.009213s ]
INFO: WriteHtmlCache Behavior ::run [ RunTime:0.009594s ]
INFO: ShowRuntime Behavior ::run [ RunTime:0.009829s ]
INFO: [ view_filter ] --END-- [ RunTime:0.038381s ]
INFO: [ view_end ] --START--
INFO: ShowPageTrace Behavior ::run [ RunTime:0.009816s ]
INFO: [ view_end ] --END-- [ RunTime:0.009896s ]

[ 2015-01-26T18:27:10+08:00 ] 127.0.0.1 /exunxi/BookManage.php/index/index.html
INFO: [ route_check ] --START--
INFO: CheckRoute Behavior ::run [ RunTime:0.009664s ]
INFO: [ route_check ] --END-- [ RunTime:0.009762s ]
INFO: [ app_begin ] --START--
INFO: ReadHtmlCache Behavior ::run [ RunTime:0.009461s ]
INFO: [ app_begin ] --END-- [ RunTime:0.009562s ]
INFO: [ view_parse ] --START--
INFO: ParseTemplate Behavior ::run [ RunTime:0.098160s ]
INFO: [ view_parse ] --END-- [ RunTime:0.098267s ]
INFO: [ view_filter ] --START--
INFO: ContentReplace Behavior ::run [ RunTime:0.009625s ]
INFO: TokenBuild Behavior ::run [ RunTime:0.009278s ]
INFO: WriteHtmlCache Behavior ::run [ RunTime:0.009662s ]
INFO: ShowRuntime Behavior ::run [ RunTime:0.009271s ]
INFO: [ view_filter ] --END-- [ RunTime:0.038054s ]
INFO: [ view_end ] --START--
INFO: ShowPageTrace Behavior ::run [ RunTime:0.009671s ]
INFO: [ view_end ] --END-- [ RunTime:0.009748s ]

[ 2015-01-26T18:27:10+08:00 ] 127.0.0.1 /exunxi/BookManage.php/index/welcome.html
INFO: [ route_check ] --START--
INFO: CheckRoute Behavior ::run [ RunTime:0.009782s ]
INFO: [ route_check ] --END-- [ RunTime:0.009908s ]
INFO: [ app_begin ] --START--
INFO: ReadHtmlCache Behavior ::run [ RunTime:0.009393s ]
INFO: [ app_begin ] --END-- [ RunTime:0.009482s ]
INFO: [ view_parse ] --START--
INFO: ParseTemplate Behavior ::run [ RunTime:0.239899s ]
INFO: [ view_parse ] --END-- [ RunTime:0.240072s ]
INFO: [ view_filter ] --START--
INFO: ContentReplace Behavior ::run [ RunTime:0.012239s ]
INFO: TokenBuild Behavior ::run [ RunTime:0.009492s ]
INFO: WriteHtmlCache Behavior ::run [ RunTime:0.009347s ]
INFO: ShowRuntime Behavior ::run [ RunTime:0.009531s ]
INFO: [ view_filter ] --END-- [ RunTime:0.040876s ]
INFO: [ view_end ] --START--
INFO: ShowPageTrace Behavior ::run [ RunTime:0.009511s ]
INFO: [ view_end ] --END-- [ RunTime:0.009583s ]

[ 2015-01-26T18:27:34+08:00 ] 127.0.0.1 /exunxi/BookManage.php/xwclass/index.html
INFO: [ route_check ] --START--
INFO: CheckRoute Behavior ::run [ RunTime:0.009668s ]
INFO: [ route_check ] --END-- [ RunTime:0.009779s ]
INFO: [ app_begin ] --START--
INFO: ReadHtmlCache Behavior ::run [ RunTime:0.009519s ]
INFO: [ app_begin ] --END-- [ RunTime:0.009599s ]
SQL: SHOW COLUMNS FROM `tg_xwclass` [ RunTime:0.119612s ]
SQL: SELECT * FROM `tg_xwclass` ORDER BY xh desc,id desc  [ RunTime:0.034220s ]
INFO: [ view_parse ] --START--
INFO: ParseTemplate Behavior ::run [ RunTime:0.086798s ]
INFO: [ view_parse ] --END-- [ RunTime:0.086920s ]
INFO: [ view_filter ] --START--
INFO: ContentReplace Behavior ::run [ RunTime:0.009302s ]
INFO: TokenBuild Behavior ::run [ RunTime:0.009260s ]
INFO: WriteHtmlCache Behavior ::run [ RunTime:0.009225s ]
INFO: ShowRuntime Behavior ::run [ RunTime:0.009664s ]
INFO: [ view_filter ] --END-- [ RunTime:0.037659s ]
INFO: [ view_end ] --START--
INFO: ShowPageTrace Behavior ::run [ RunTime:0.009479s ]
INFO: [ view_end ] --END-- [ RunTime:0.009549s ]

[ 2015-01-26T18:27:55+08:00 ] 127.0.0.1 /exunxi/BookManage.php/xwclass/addClass.html
INFO: [ route_check ] --START--
INFO: CheckRoute Behavior ::run [ RunTime:0.009791s ]
INFO: [ route_check ] --END-- [ RunTime:0.009921s ]
INFO: [ app_begin ] --START--
INFO: ReadHtmlCache Behavior ::run [ RunTime:0.009390s ]
INFO: [ app_begin ] --END-- [ RunTime:0.009478s ]
NOTIC: [8] Undefined index: xh G:\php\htdocs\exunxi\Bmanage\Lib\Action\XwclassAction.class.php 第 22 行.
SQL: SHOW COLUMNS FROM `tg_xwclass` [ RunTime:0.007456s ]
SQL: INSERT INTO `tg_xwclass` (`classname`,`topid`,`xh`) VALUES ('推荐好书',11,0) [ RunTime:0.121246s ]
INFO: [ view_parse ] --START--
NOTIC: [8] Undefined variable: error G:\php\htdocs\exunxi\Bmanage\Runtime\Cache\e614d7b1ff250ccd7ce485f7ac1d3fbb.php 第 61 行.
NOTIC: [8] Undefined variable: error G:\php\htdocs\exunxi\Bmanage\Runtime\Cache\e614d7b1ff250ccd7ce485f7ac1d3fbb.php 第 65 行.
INFO: ParseTemplate Behavior ::run [ RunTime:0.067602s ]
INFO: [ view_parse ] --END-- [ RunTime:0.067698s ]
INFO: [ view_filter ] --START--
INFO: ContentReplace Behavior ::run [ RunTime:0.010227s ]
INFO: TokenBuild Behavior ::run [ RunTime:0.009640s ]
INFO: WriteHtmlCache Behavior ::run [ RunTime:0.009323s ]
INFO: ShowRuntime Behavior ::run [ RunTime:0.009669s ]
INFO: [ view_filter ] --END-- [ RunTime:0.039105s ]
INFO: [ view_end ] --START--
INFO: ShowPageTrace Behavior ::run [ RunTime:0.009563s ]
INFO: [ view_end ] --END-- [ RunTime:0.009633s ]

[ 2015-01-26T18:27:58+08:00 ] 127.0.0.1 /exunxi/BookManage.php/xwclass/index.html
INFO: [ route_check ] --START--
INFO: CheckRoute Behavior ::run [ RunTime:0.010267s ]
INFO: [ route_check ] --END-- [ RunTime:0.010377s ]
INFO: [ app_begin ] --START--
INFO: ReadHtmlCache Behavior ::run [ RunTime:0.010448s ]
INFO: [ app_begin ] --END-- [ RunTime:0.010549s ]
SQL: SHOW COLUMNS FROM `tg_xwclass` [ RunTime:0.011761s ]
SQL: SELECT * FROM `tg_xwclass` ORDER BY xh desc,id desc  [ RunTime:0.003935s ]
INFO: [ view_parse ] --START--
INFO: ParseTemplate Behavior ::run [ RunTime:0.072090s ]
INFO: [ view_parse ] --END-- [ RunTime:0.072212s ]
INFO: [ view_filter ] --START--
INFO: ContentReplace Behavior ::run [ RunTime:0.009587s ]
INFO: TokenBuild Behavior ::run [ RunTime:0.009335s ]
INFO: WriteHtmlCache Behavior ::run [ RunTime:0.009154s ]
INFO: ShowRuntime Behavior ::run [ RunTime:0.009861s ]
INFO: [ view_filter ] --END-- [ RunTime:0.038149s ]
INFO: [ view_end ] --START--
INFO: ShowPageTrace Behavior ::run [ RunTime:0.009467s ]
INFO: [ view_end ] --END-- [ RunTime:0.009543s ]

[ 2015-01-26T18:28:03+08:00 ] 127.0.0.1 /exunxi/BookManage.php/xwclass/update/id/12.html
INFO: [ route_check ] --START--
INFO: CheckRoute Behavior ::run [ RunTime:0.009748s ]
INFO: [ route_check ] --END-- [ RunTime:0.009856s ]
INFO: [ app_begin ] --START--
INFO: ReadHtmlCache Behavior ::run [ RunTime:0.009448s ]
INFO: [ app_begin ] --END-- [ RunTime:0.009541s ]
SQL: SHOW COLUMNS FROM `tg_xwclass` [ RunTime:0.012399s ]
SQL: SELECT * FROM `tg_xwclass` WHERE ( id=12 ) LIMIT 1   [ RunTime:0.004313s ]
SQL: SELECT * FROM `tg_xwclass` ORDER BY xh desc,id desc  [ RunTime:0.000631s ]
INFO: [ view_parse ] --START--
INFO: ParseTemplate Behavior ::run [ RunTime:0.111238s ]
INFO: [ view_parse ] --END-- [ RunTime:0.111370s ]
INFO: [ view_filter ] --START--
INFO: ContentReplace Behavior ::run [ RunTime:0.009262s ]
INFO: TokenBuild Behavior ::run [ RunTime:0.009445s ]
INFO: WriteHtmlCache Behavior ::run [ RunTime:0.009547s ]
INFO: ShowRuntime Behavior ::run [ RunTime:0.009772s ]
INFO: [ view_filter ] --END-- [ RunTime:0.038247s ]
INFO: [ view_end ] --START--
INFO: ShowPageTrace Behavior ::run [ RunTime:0.009947s ]
INFO: [ view_end ] --END-- [ RunTime:0.010027s ]

[ 2015-01-26T18:38:55+08:00 ] 127.0.0.1 /exunxi/BookManage.php/xwclass/update/id/12.html
INFO: [ route_check ] --START--
INFO: CheckRoute Behavior ::run [ RunTime:0.010576s ]
INFO: [ route_check ] --END-- [ RunTime:0.010719s ]
INFO: [ app_begin ] --START--
INFO: ReadHtmlCache Behavior ::run [ RunTime:0.010027s ]
INFO: [ app_begin ] --END-- [ RunTime:0.010128s ]
SQL: SHOW COLUMNS FROM `tg_xwclass` [ RunTime:0.012321s ]
SQL: SELECT * FROM `tg_xwclass` WHERE ( id=12 ) LIMIT 1   [ RunTime:0.003135s ]
SQL: SELECT * FROM `tg_xwclass` ORDER BY xh desc,id desc  [ RunTime:0.000964s ]
INFO: [ view_parse ] --START--
INFO: ParseTemplate Behavior ::run [ RunTime:0.072124s ]
INFO: [ view_parse ] --END-- [ RunTime:0.072278s ]
INFO: [ view_filter ] --START--
INFO: ContentReplace Behavior ::run [ RunTime:0.010295s ]
INFO: TokenBuild Behavior ::run [ RunTime:0.009707s ]
INFO: WriteHtmlCache Behavior ::run [ RunTime:0.010446s ]
INFO: ShowRuntime Behavior ::run [ RunTime:0.009802s ]
INFO: [ view_filter ] --END-- [ RunTime:0.040506s ]
INFO: [ view_end ] --START--
INFO: ShowPageTrace Behavior ::run [ RunTime:0.010670s ]
INFO: [ view_end ] --END-- [ RunTime:0.010755s ]

[ 2015-01-26T18:40:05+08:00 ] 127.0.0.1 /exunxi/BookManage.php/xwclass/update/id/12.html
INFO: [ route_check ] --START--
INFO: CheckRoute Behavior ::run [ RunTime:0.010199s ]
INFO: [ route_check ] --END-- [ RunTime:0.010301s ]
INFO: [ app_begin ] --START--
INFO: ReadHtmlCache Behavior ::run [ RunTime:0.010733s ]
INFO: [ app_begin ] --END-- [ RunTime:0.010825s ]
SQL: SHOW COLUMNS FROM `tg_xwclass` [ RunTime:0.005590s ]
SQL: SELECT * FROM `tg_xwclass` WHERE ( id=12 ) LIMIT 1   [ RunTime:0.001889s ]
SQL: SELECT * FROM `tg_xwclass` ORDER BY xh desc,id desc  [ RunTime:0.000517s ]
INFO: [ view_parse ] --START--
INFO: ParseTemplate Behavior ::run [ RunTime:0.065114s ]
INFO: [ view_parse ] --END-- [ RunTime:0.065232s ]
INFO: [ view_filter ] --START--
INFO: ContentReplace Behavior ::run [ RunTime:0.009459s ]
INFO: TokenBuild Behavior ::run [ RunTime:0.009378s ]
INFO: WriteHtmlCache Behavior ::run [ RunTime:0.009351s ]
INFO: ShowRuntime Behavior ::run [ RunTime:0.009286s ]
INFO: [ view_filter ] --END-- [ RunTime:0.037690s ]
INFO: [ view_end ] --START--
INFO: ShowPageTrace Behavior ::run [ RunTime:0.010498s ]
INFO: [ view_end ] --END-- [ RunTime:0.010581s ]

[ 2015-01-26T18:50:02+08:00 ] 127.0.0.1 /exunxi/BookManage.php/xwclass/update/id/12.html
INFO: [ route_check ] --START--
INFO: CheckRoute Behavior ::run [ RunTime:0.010293s ]
INFO: [ route_check ] --END-- [ RunTime:0.010498s ]
INFO: [ app_begin ] --START--
INFO: ReadHtmlCache Behavior ::run [ RunTime:0.009717s ]
INFO: [ app_begin ] --END-- [ RunTime:0.009815s ]
SQL: SHOW COLUMNS FROM `tg_xwclass` [ RunTime:0.031686s ]
SQL: SELECT * FROM `tg_xwclass` WHERE ( id=12 ) LIMIT 1   [ RunTime:0.002621s ]
SQL: SELECT * FROM `tg_xwclass` ORDER BY xh desc,id desc  [ RunTime:0.022633s ]
INFO: [ view_parse ] --START--
INFO: ParseTemplate Behavior ::run [ RunTime:0.075072s ]
INFO: [ view_parse ] --END-- [ RunTime:0.075190s ]
INFO: [ view_filter ] --START--
INFO: ContentReplace Behavior ::run [ RunTime:0.010108s ]
INFO: TokenBuild Behavior ::run [ RunTime:0.009501s ]
INFO: WriteHtmlCache Behavior ::run [ RunTime:0.009581s ]
INFO: ShowRuntime Behavior ::run [ RunTime:0.009535s ]
INFO: [ view_filter ] --END-- [ RunTime:0.038963s ]
INFO: [ view_end ] --START--
INFO: ShowPageTrace Behavior ::run [ RunTime:0.010365s ]
INFO: [ view_end ] --END-- [ RunTime:0.010444s ]

[ 2015-01-26T18:51:21+08:00 ] 127.0.0.1 /exunxi/BookManage.php/xwclass/update/id/12.html
INFO: [ route_check ] --START--
INFO: CheckRoute Behavior ::run [ RunTime:0.010389s ]
INFO: [ route_check ] --END-- [ RunTime:0.010498s ]
INFO: [ app_begin ] --START--
INFO: ReadHtmlCache Behavior ::run [ RunTime:0.009724s ]
INFO: [ app_begin ] --END-- [ RunTime:0.009811s ]
SQL: SHOW COLUMNS FROM `tg_xwclass` [ RunTime:0.011930s ]
SQL: SELECT * FROM `tg_xwclass` WHERE ( id=12 ) LIMIT 1   [ RunTime:0.007323s ]
SQL: SELECT * FROM `tg_xwclass` ORDER BY xh desc,id desc  [ RunTime:0.001290s ]
INFO: [ view_parse ] --START--
INFO: ParseTemplate Behavior ::run [ RunTime:0.074159s ]
INFO: [ view_parse ] --END-- [ RunTime:0.074338s ]
INFO: [ view_filter ] --START--
INFO: ContentReplace Behavior ::run [ RunTime:0.010127s ]
INFO: TokenBuild Behavior ::run [ RunTime:0.009701s ]
INFO: WriteHtmlCache Behavior ::run [ RunTime:0.009301s ]
INFO: ShowRuntime Behavior ::run [ RunTime:0.009448s ]
INFO: [ view_filter ] --END-- [ RunTime:0.038802s ]
INFO: [ view_end ] --START--
INFO: ShowPageTrace Behavior ::run [ RunTime:0.010275s ]
INFO: [ view_end ] --END-- [ RunTime:0.010360s ]

[ 2015-01-26T18:51:33+08:00 ] 127.0.0.1 /exunxi/BookManage.php/xwclass/update/id/12.html
INFO: [ route_check ] --START--
INFO: CheckRoute Behavior ::run [ RunTime:0.009723s ]
INFO: [ route_check ] --END-- [ RunTime:0.009824s ]
INFO: [ app_begin ] --START--
INFO: ReadHtmlCache Behavior ::run [ RunTime:0.009357s ]
INFO: [ app_begin ] --END-- [ RunTime:0.009437s ]
SQL: SHOW COLUMNS FROM `tg_xwclass` [ RunTime:0.015875s ]
SQL: SELECT * FROM `tg_xwclass` WHERE ( id=12 ) LIMIT 1   [ RunTime:0.000737s ]
SQL: SELECT * FROM `tg_xwclass` ORDER BY xh desc,id desc  [ RunTime:0.000806s ]
INFO: [ view_parse ] --START--
INFO: ParseTemplate Behavior ::run [ RunTime:0.066451s ]
INFO: [ view_parse ] --END-- [ RunTime:0.066574s ]
INFO: [ view_filter ] --START--
INFO: ContentReplace Behavior ::run [ RunTime:0.010579s ]
INFO: TokenBuild Behavior ::run [ RunTime:0.011172s ]
INFO: WriteHtmlCache Behavior ::run [ RunTime:0.009877s ]
INFO: ShowRuntime Behavior ::run [ RunTime:0.009733s ]
INFO: [ view_filter ] --END-- [ RunTime:0.041654s ]
INFO: [ view_end ] --START--
INFO: ShowPageTrace Behavior ::run [ RunTime:0.010143s ]
INFO: [ view_end ] --END-- [ RunTime:0.010227s ]

[ 2015-01-26T18:52:25+08:00 ] 127.0.0.1 /exunxi/BookManage.php/xwclass/update/id/12.html
INFO: [ route_check ] --START--
INFO: CheckRoute Behavior ::run [ RunTime:0.010016s ]
INFO: [ route_check ] --END-- [ RunTime:0.010120s ]
INFO: [ app_begin ] --START--
INFO: ReadHtmlCache Behavior ::run [ RunTime:0.009646s ]
INFO: [ app_begin ] --END-- [ RunTime:0.009737s ]
SQL: SHOW COLUMNS FROM `tg_xwclass` [ RunTime:0.012144s ]
SQL: SELECT * FROM `tg_xwclass` WHERE ( id=12 ) LIMIT 1   [ RunTime:0.003019s ]
SQL: SELECT * FROM `tg_xwclass` ORDER BY xh desc,id desc  [ RunTime:0.000509s ]
INFO: [ view_parse ] --START--
INFO: ParseTemplate Behavior ::run [ RunTime:0.067826s ]
INFO: [ view_parse ] --END-- [ RunTime:0.067944s ]
INFO: [ view_filter ] --START--
INFO: ContentReplace Behavior ::run [ RunTime:0.009866s ]
INFO: TokenBuild Behavior ::run [ RunTime:0.009246s ]
INFO: WriteHtmlCache Behavior ::run [ RunTime:0.009821s ]
INFO: ShowRuntime Behavior ::run [ RunTime:0.009660s ]
INFO: [ view_filter ] --END-- [ RunTime:0.038834s ]
INFO: [ view_end ] --START--
INFO: ShowPageTrace Behavior ::run [ RunTime:0.009935s ]
INFO: [ view_end ] --END-- [ RunTime:0.010020s ]

[ 2015-01-26T18:56:05+08:00 ] 127.0.0.1 /exunxi/BookManage.php/xwclass/update/id/12.html
INFO: [ route_check ] --START--
INFO: CheckRoute Behavior ::run [ RunTime:0.010401s ]
INFO: [ route_check ] --END-- [ RunTime:0.010507s ]
INFO: [ app_begin ] --START--
INFO: ReadHtmlCache Behavior ::run [ RunTime:0.010580s ]
INFO: [ app_begin ] --END-- [ RunTime:0.010686s ]
SQL: SHOW COLUMNS FROM `tg_xwclass` [ RunTime:0.013380s ]
SQL: SELECT * FROM `tg_xwclass` WHERE ( id=12 ) LIMIT 1   [ RunTime:0.008810s ]
SQL: SELECT * FROM `tg_xwclass` ORDER BY xh desc,id desc  [ RunTime:0.002853s ]
INFO: [ view_parse ] --START--
INFO: ParseTemplate Behavior ::run [ RunTime:0.069048s ]
INFO: [ view_parse ] --END-- [ RunTime:0.069192s ]
INFO: [ view_filter ] --START--
INFO: ContentReplace Behavior ::run [ RunTime:0.009498s ]
INFO: TokenBuild Behavior ::run [ RunTime:0.009520s ]
INFO: WriteHtmlCache Behavior ::run [ RunTime:0.009274s ]
INFO: ShowRuntime Behavior ::run [ RunTime:0.009490s ]
INFO: [ view_filter ] --END-- [ RunTime:0.038005s ]
INFO: [ view_end ] --START--
INFO: ShowPageTrace Behavior ::run [ RunTime:0.009719s ]
INFO: [ view_end ] --END-- [ RunTime:0.009796s ]

[ 2015-01-26T19:06:13+08:00 ] 127.0.0.1 /exunxi/BookManage.php/public/loginout.html
INFO: [ route_check ] --START--
INFO: CheckRoute Behavior ::run [ RunTime:0.010868s ]
INFO: [ route_check ] --END-- [ RunTime:0.010995s ]
INFO: [ app_begin ] --START--
INFO: ReadHtmlCache Behavior ::run [ RunTime:0.010807s ]
INFO: [ app_begin ] --END-- [ RunTime:0.010908s ]
INFO: [ view_parse ] --START--
NOTIC: [8] Undefined variable: message G:\php\htdocs\exunxi\Bmanage\Runtime\Cache\e614d7b1ff250ccd7ce485f7ac1d3fbb.php 第 58 行.
NOTIC: [8] Undefined variable: message G:\php\htdocs\exunxi\Bmanage\Runtime\Cache\e614d7b1ff250ccd7ce485f7ac1d3fbb.php 第 64 行.
INFO: ParseTemplate Behavior ::run [ RunTime:0.089262s ]
INFO: [ view_parse ] --END-- [ RunTime:0.089359s ]
INFO: [ view_filter ] --START--
INFO: ContentReplace Behavior ::run [ RunTime:0.009661s ]
INFO: TokenBuild Behavior ::run [ RunTime:0.009562s ]
INFO: WriteHtmlCache Behavior ::run [ RunTime:0.009550s ]
INFO: ShowRuntime Behavior ::run [ RunTime:0.009656s ]
INFO: [ view_filter ] --END-- [ RunTime:0.038681s ]
INFO: [ view_end ] --START--
INFO: ShowPageTrace Behavior ::run [ RunTime:0.009797s ]
INFO: [ view_end ] --END-- [ RunTime:0.009874s ]

[ 2015-01-26T19:06:15+08:00 ] 127.0.0.1 /exunxi/BookManage.php/public/login.html
INFO: [ route_check ] --START--
INFO: CheckRoute Behavior ::run [ RunTime:0.010106s ]
INFO: [ route_check ] --END-- [ RunTime:0.010233s ]
INFO: [ app_begin ] --START--
INFO: ReadHtmlCache Behavior ::run [ RunTime:0.009779s ]
INFO: [ app_begin ] --END-- [ RunTime:0.009876s ]
INFO: [ view_parse ] --START--
INFO: ParseTemplate Behavior ::run [ RunTime:0.083351s ]
INFO: [ view_parse ] --END-- [ RunTime:0.083450s ]
INFO: [ view_filter ] --START--
INFO: ContentReplace Behavior ::run [ RunTime:0.009590s ]
INFO: TokenBuild Behavior ::run [ RunTime:0.009463s ]
INFO: WriteHtmlCache Behavior ::run [ RunTime:0.009463s ]
INFO: ShowRuntime Behavior ::run [ RunTime:0.009559s ]
INFO: [ view_filter ] --END-- [ RunTime:0.038304s ]
INFO: [ view_end ] --START--
INFO: ShowPageTrace Behavior ::run [ RunTime:0.009718s ]
INFO: [ view_end ] --END-- [ RunTime:0.009793s ]

[ 2015-01-26T19:06:15+08:00 ] 127.0.0.1 /exunxi/BookManage.php/public/checkcode.html
INFO: [ route_check ] --START--
INFO: CheckRoute Behavior ::run [ RunTime:0.010360s ]
INFO: [ route_check ] --END-- [ RunTime:0.010504s ]
INFO: [ app_begin ] --START--
INFO: ReadHtmlCache Behavior ::run [ RunTime:0.009670s ]
INFO: [ app_begin ] --END-- [ RunTime:0.009754s ]

[ 2015-01-26T20:37:28+08:00 ] 127.0.0.1 /exunxi/BookManage.php/index/index.html
INFO: [ route_check ] --START--
INFO: CheckRoute Behavior ::run [ RunTime:0.012775s ]
INFO: [ route_check ] --END-- [ RunTime:0.012908s ]
INFO: [ app_begin ] --START--
INFO: ReadHtmlCache Behavior ::run [ RunTime:0.009858s ]
INFO: [ app_begin ] --END-- [ RunTime:0.009941s ]
INFO: [ view_parse ] --START--
NOTIC: [8] Undefined variable: message G:\php\htdocs\exunxi\Bmanage\Runtime\Cache\e614d7b1ff250ccd7ce485f7ac1d3fbb.php 第 58 行.
NOTIC: [8] Undefined variable: message G:\php\htdocs\exunxi\Bmanage\Runtime\Cache\e614d7b1ff250ccd7ce485f7ac1d3fbb.php 第 64 行.
INFO: ParseTemplate Behavior ::run [ RunTime:0.062291s ]
INFO: [ view_parse ] --END-- [ RunTime:0.062383s ]
INFO: [ view_filter ] --START--
INFO: ContentReplace Behavior ::run [ RunTime:0.010136s ]
INFO: TokenBuild Behavior ::run [ RunTime:0.009543s ]
INFO: WriteHtmlCache Behavior ::run [ RunTime:0.009779s ]
INFO: ShowRuntime Behavior ::run [ RunTime:0.010911s ]
INFO: [ view_filter ] --END-- [ RunTime:0.040630s ]
INFO: [ view_end ] --START--
INFO: ShowPageTrace Behavior ::run [ RunTime:0.010049s ]
INFO: [ view_end ] --END-- [ RunTime:0.010124s ]

[ 2015-01-26T20:37:30+08:00 ] 127.0.0.1 /exunxi/BookManage.php/public/login.html
INFO: [ route_check ] --START--
INFO: CheckRoute Behavior ::run [ RunTime:0.009640s ]
INFO: [ route_check ] --END-- [ RunTime:0.009742s ]
INFO: [ app_begin ] --START--
INFO: ReadHtmlCache Behavior ::run [ RunTime:0.009523s ]
INFO: [ app_begin ] --END-- [ RunTime:0.009616s ]
INFO: [ view_parse ] --START--
INFO: ParseTemplate Behavior ::run [ RunTime:0.079952s ]
INFO: [ view_parse ] --END-- [ RunTime:0.080057s ]
INFO: [ view_filter ] --START--
INFO: ContentReplace Behavior ::run [ RunTime:0.009654s ]
INFO: TokenBuild Behavior ::run [ RunTime:0.009395s ]
INFO: WriteHtmlCache Behavior ::run [ RunTime:0.009113s ]
INFO: ShowRuntime Behavior ::run [ RunTime:0.009301s ]
INFO: [ view_filter ] --END-- [ RunTime:0.037677s ]
INFO: [ view_end ] --START--
INFO: ShowPageTrace Behavior ::run [ RunTime:0.009584s ]
INFO: [ view_end ] --END-- [ RunTime:0.009656s ]

[ 2015-01-26T20:37:31+08:00 ] 127.0.0.1 /exunxi/BookManage.php/public/checkcode.html
INFO: [ route_check ] --START--
INFO: CheckRoute Behavior ::run [ RunTime:0.015248s ]
INFO: [ route_check ] --END-- [ RunTime:0.015379s ]
INFO: [ app_begin ] --START--
INFO: ReadHtmlCache Behavior ::run [ RunTime:0.017873s ]
INFO: [ app_begin ] --END-- [ RunTime:0.018018s ]

[ 2015-01-26T20:37:36+08:00 ] 127.0.0.1 /exunxi/BookManage.php/public/check.html
INFO: [ route_check ] --START--
INFO: CheckRoute Behavior ::run [ RunTime:0.009665s ]
INFO: [ route_check ] --END-- [ RunTime:0.009777s ]
INFO: [ app_begin ] --START--
INFO: ReadHtmlCache Behavior ::run [ RunTime:0.009470s ]
INFO: [ app_begin ] --END-- [ RunTime:0.009564s ]
INFO: [ view_parse ] --START--
NOTIC: [8] Undefined variable: message G:\php\htdocs\exunxi\Bmanage\Runtime\Cache\e614d7b1ff250ccd7ce485f7ac1d3fbb.php 第 58 行.
NOTIC: [8] Undefined variable: message G:\php\htdocs\exunxi\Bmanage\Runtime\Cache\e614d7b1ff250ccd7ce485f7ac1d3fbb.php 第 64 行.
INFO: ParseTemplate Behavior ::run [ RunTime:0.058925s ]
INFO: [ view_parse ] --END-- [ RunTime:0.059012s ]
INFO: [ view_filter ] --START--
INFO: ContentReplace Behavior ::run [ RunTime:0.011522s ]
INFO: TokenBuild Behavior ::run [ RunTime:0.009196s ]
INFO: WriteHtmlCache Behavior ::run [ RunTime:0.009151s ]
INFO: ShowRuntime Behavior ::run [ RunTime:0.009327s ]
INFO: [ view_filter ] --END-- [ RunTime:0.039427s ]
INFO: [ view_end ] --START--
INFO: ShowPageTrace Behavior ::run [ RunTime:0.009570s ]
INFO: [ view_end ] --END-- [ RunTime:0.009649s ]

[ 2015-01-26T20:37:38+08:00 ] 127.0.0.1 /exunxi/BookManage.php/public/login.html
INFO: [ route_check ] --START--
INFO: CheckRoute Behavior ::run [ RunTime:0.010258s ]
INFO: [ route_check ] --END-- [ RunTime:0.010377s ]
INFO: [ app_begin ] --START--
INFO: ReadHtmlCache Behavior ::run [ RunTime:0.009422s ]
INFO: [ app_begin ] --END-- [ RunTime:0.009507s ]
INFO: [ view_parse ] --START--
INFO: ParseTemplate Behavior ::run [ RunTime:0.061742s ]
INFO: [ view_parse ] --END-- [ RunTime:0.061842s ]
INFO: [ view_filter ] --START--
INFO: ContentReplace Behavior ::run [ RunTime:0.013079s ]
INFO: TokenBuild Behavior ::run [ RunTime:0.012131s ]
INFO: WriteHtmlCache Behavior ::run [ RunTime:0.013319s ]
INFO: ShowRuntime Behavior ::run [ RunTime:0.009613s ]
INFO: [ view_filter ] --END-- [ RunTime:0.048432s ]
INFO: [ view_end ] --START--
INFO: ShowPageTrace Behavior ::run [ RunTime:0.010131s ]
INFO: [ view_end ] --END-- [ RunTime:0.010210s ]

[ 2015-01-26T20:37:38+08:00 ] 127.0.0.1 /exunxi/BookManage.php/public/checkcode.html
INFO: [ route_check ] --START--
INFO: CheckRoute Behavior ::run [ RunTime:0.009792s ]
INFO: [ route_check ] --END-- [ RunTime:0.009920s ]
INFO: [ app_begin ] --START--
INFO: ReadHtmlCache Behavior ::run [ RunTime:0.009415s ]
INFO: [ app_begin ] --END-- [ RunTime:0.009504s ]

[ 2015-01-26T20:37:43+08:00 ] 127.0.0.1 /exunxi/BookManage.php/public/check.html
INFO: [ route_check ] --START--
INFO: CheckRoute Behavior ::run [ RunTime:0.009806s ]
INFO: [ route_check ] --END-- [ RunTime:0.009927s ]
INFO: [ app_begin ] --START--
INFO: ReadHtmlCache Behavior ::run [ RunTime:0.009817s ]
INFO: [ app_begin ] --END-- [ RunTime:0.009913s ]
INFO: [ view_parse ] --START--
NOTIC: [8] Undefined variable: message G:\php\htdocs\exunxi\Bmanage\Runtime\Cache\e614d7b1ff250ccd7ce485f7ac1d3fbb.php 第 58 行.
NOTIC: [8] Undefined variable: message G:\php\htdocs\exunxi\Bmanage\Runtime\Cache\e614d7b1ff250ccd7ce485f7ac1d3fbb.php 第 64 行.
INFO: ParseTemplate Behavior ::run [ RunTime:0.058292s ]
INFO: [ view_parse ] --END-- [ RunTime:0.058381s ]
INFO: [ view_filter ] --START--
INFO: ContentReplace Behavior ::run [ RunTime:0.009226s ]
INFO: TokenBuild Behavior ::run [ RunTime:0.009822s ]
INFO: WriteHtmlCache Behavior ::run [ RunTime:0.009284s ]
INFO: ShowRuntime Behavior ::run [ RunTime:0.009357s ]
INFO: [ view_filter ] --END-- [ RunTime:0.037930s ]
INFO: [ view_end ] --START--
INFO: ShowPageTrace Behavior ::run [ RunTime:0.010088s ]
INFO: [ view_end ] --END-- [ RunTime:0.010176s ]

[ 2015-01-26T20:37:44+08:00 ] 127.0.0.1 /exunxi/BookManage.php/public/login.html
INFO: [ route_check ] --START--
INFO: CheckRoute Behavior ::run [ RunTime:0.009668s ]
INFO: [ route_check ] --END-- [ RunTime:0.009783s ]
INFO: [ app_begin ] --START--
INFO: ReadHtmlCache Behavior ::run [ RunTime:0.009787s ]
INFO: [ app_begin ] --END-- [ RunTime:0.009879s ]
INFO: [ view_parse ] --START--
INFO: ParseTemplate Behavior ::run [ RunTime:0.059620s ]
INFO: [ view_parse ] --END-- [ RunTime:0.059723s ]
INFO: [ view_filter ] --START--
INFO: ContentReplace Behavior ::run [ RunTime:0.009276s ]
INFO: TokenBuild Behavior ::run [ RunTime:0.009384s ]
INFO: WriteHtmlCache Behavior ::run [ RunTime:0.009768s ]
INFO: ShowRuntime Behavior ::run [ RunTime:0.009613s ]
INFO: [ view_filter ] --END-- [ RunTime:0.038294s ]
INFO: [ view_end ] --START--
INFO: ShowPageTrace Behavior ::run [ RunTime:0.009563s ]
INFO: [ view_end ] --END-- [ RunTime:0.009651s ]

[ 2015-01-26T20:37:44+08:00 ] 127.0.0.1 /exunxi/BookManage.php/public/checkcode.html
INFO: [ route_check ] --START--
INFO: CheckRoute Behavior ::run [ RunTime:0.009729s ]
INFO: [ route_check ] --END-- [ RunTime:0.009842s ]
INFO: [ app_begin ] --START--
INFO: ReadHtmlCache Behavior ::run [ RunTime:0.009570s ]
INFO: [ app_begin ] --END-- [ RunTime:0.009661s ]

[ 2015-01-26T20:37:50+08:00 ] 127.0.0.1 /exunxi/BookManage.php/public/check.html
INFO: [ route_check ] --START--
INFO: CheckRoute Behavior ::run [ RunTime:0.009677s ]
INFO: [ route_check ] --END-- [ RunTime:0.009788s ]
INFO: [ app_begin ] --START--
INFO: ReadHtmlCache Behavior ::run [ RunTime:0.009763s ]
INFO: [ app_begin ] --END-- [ RunTime:0.009858s ]
SQL: SHOW COLUMNS FROM `tg_admin` [ RunTime:0.026038s ]
SQL: SELECT * FROM `tg_admin` WHERE ( ad_name='admin' ) LIMIT 1   [ RunTime:0.002293s ]
INFO: [ view_parse ] --START--
NOTIC: [8] Undefined variable: error G:\php\htdocs\exunxi\Bmanage\Runtime\Cache\e614d7b1ff250ccd7ce485f7ac1d3fbb.php 第 61 行.
NOTIC: [8] Undefined variable: error G:\php\htdocs\exunxi\Bmanage\Runtime\Cache\e614d7b1ff250ccd7ce485f7ac1d3fbb.php 第 65 行.
INFO: ParseTemplate Behavior ::run [ RunTime:0.060210s ]
INFO: [ view_parse ] --END-- [ RunTime:0.060313s ]
INFO: [ view_filter ] --START--
INFO: ContentReplace Behavior ::run [ RunTime:0.009345s ]
INFO: TokenBuild Behavior ::run [ RunTime:0.009716s ]
INFO: WriteHtmlCache Behavior ::run [ RunTime:0.009551s ]
INFO: ShowRuntime Behavior ::run [ RunTime:0.009491s ]
INFO: [ view_filter ] --END-- [ RunTime:0.038347s ]
INFO: [ view_end ] --START--
INFO: ShowPageTrace Behavior ::run [ RunTime:0.010082s ]
INFO: [ view_end ] --END-- [ RunTime:0.010163s ]

[ 2015-01-26T20:37:52+08:00 ] 127.0.0.1 /exunxi/BookManage.php/index/index.html
INFO: [ route_check ] --START--
INFO: CheckRoute Behavior ::run [ RunTime:0.009762s ]
INFO: [ route_check ] --END-- [ RunTime:0.009868s ]
INFO: [ app_begin ] --START--
INFO: ReadHtmlCache Behavior ::run [ RunTime:0.009461s ]
INFO: [ app_begin ] --END-- [ RunTime:0.009552s ]
INFO: [ view_parse ] --START--
INFO: ParseTemplate Behavior ::run [ RunTime:0.083974s ]
INFO: [ view_parse ] --END-- [ RunTime:0.084076s ]
INFO: [ view_filter ] --START--
INFO: ContentReplace Behavior ::run [ RunTime:0.009809s ]
INFO: TokenBuild Behavior ::run [ RunTime:0.009281s ]
INFO: WriteHtmlCache Behavior ::run [ RunTime:0.009112s ]
INFO: ShowRuntime Behavior ::run [ RunTime:0.009429s ]
INFO: [ view_filter ] --END-- [ RunTime:0.037870s ]
INFO: [ view_end ] --START--
INFO: ShowPageTrace Behavior ::run [ RunTime:0.009546s ]
INFO: [ view_end ] --END-- [ RunTime:0.009627s ]

[ 2015-01-26T20:37:52+08:00 ] 127.0.0.1 /exunxi/BookManage.php/index/welcome.html
INFO: [ route_check ] --START--
INFO: CheckRoute Behavior ::run [ RunTime:0.009801s ]
INFO: [ route_check ] --END-- [ RunTime:0.009930s ]
INFO: [ app_begin ] --START--
INFO: ReadHtmlCache Behavior ::run [ RunTime:0.009900s ]
INFO: [ app_begin ] --END-- [ RunTime:0.010000s ]
INFO: [ view_parse ] --START--
INFO: ParseTemplate Behavior ::run [ RunTime:0.090027s ]
INFO: [ view_parse ] --END-- [ RunTime:0.090195s ]
INFO: [ view_filter ] --START--
INFO: ContentReplace Behavior ::run [ RunTime:0.009198s ]
INFO: TokenBuild Behavior ::run [ RunTime:0.009303s ]
INFO: WriteHtmlCache Behavior ::run [ RunTime:0.009572s ]
INFO: ShowRuntime Behavior ::run [ RunTime:0.009404s ]
INFO: [ view_filter ] --END-- [ RunTime:0.037722s ]
INFO: [ view_end ] --START--
INFO: ShowPageTrace Behavior ::run [ RunTime:0.009609s ]
INFO: [ view_end ] --END-- [ RunTime:0.009695s ]

[ 2015-01-26T20:38:05+08:00 ] 127.0.0.1 /exunxi/BookManage.php/xwclass/index.html
INFO: [ route_check ] --START--
INFO: CheckRoute Behavior ::run [ RunTime:0.009911s ]
INFO: [ route_check ] --END-- [ RunTime:0.010028s ]
INFO: [ app_begin ] --START--
INFO: ReadHtmlCache Behavior ::run [ RunTime:0.009830s ]
INFO: [ app_begin ] --END-- [ RunTime:0.009913s ]
SQL: SHOW COLUMNS FROM `tg_xwclass` [ RunTime:0.037601s ]
SQL: SELECT * FROM `tg_xwclass` ORDER BY xh desc,id desc  [ RunTime:0.002429s ]
INFO: [ view_parse ] --START--
INFO: ParseTemplate Behavior ::run [ RunTime:0.100783s ]
INFO: [ view_parse ] --END-- [ RunTime:0.100895s ]
INFO: [ view_filter ] --START--
INFO: ContentReplace Behavior ::run [ RunTime:0.009950s ]
INFO: TokenBuild Behavior ::run [ RunTime:0.009249s ]
INFO: WriteHtmlCache Behavior ::run [ RunTime:0.009564s ]
INFO: ShowRuntime Behavior ::run [ RunTime:0.009468s ]
INFO: [ view_filter ] --END-- [ RunTime:0.038636s ]
INFO: [ view_end ] --START--
INFO: ShowPageTrace Behavior ::run [ RunTime:0.010004s ]
INFO: [ view_end ] --END-- [ RunTime:0.010084s ]

[ 2015-01-26T20:38:09+08:00 ] 127.0.0.1 /exunxi/BookManage.php/xwclass/update/id/12.html
INFO: [ route_check ] --START--
INFO: CheckRoute Behavior ::run [ RunTime:0.010554s ]
INFO: [ route_check ] --END-- [ RunTime:0.010665s ]
INFO: [ app_begin ] --START--
INFO: ReadHtmlCache Behavior ::run [ RunTime:0.010324s ]
INFO: [ app_begin ] --END-- [ RunTime:0.010424s ]
SQL: SHOW COLUMNS FROM `tg_xwclass` [ RunTime:0.014110s ]
SQL: SELECT * FROM `tg_xwclass` WHERE ( id=12 ) LIMIT 1   [ RunTime:0.002901s ]
SQL: SELECT * FROM `tg_xwclass` ORDER BY xh desc,id desc  [ RunTime:0.000865s ]
INFO: [ view_parse ] --START--
NOTIC: [8] Undefined variable: noClass G:\php\htdocs\exunxi\Bmanage\Runtime\Cache\64ca730956d11fd39e407128d9b8cd81.php 第 26 行.
INFO: ParseTemplate Behavior ::run [ RunTime:0.140301s ]
INFO: [ view_parse ] --END-- [ RunTime:0.140406s ]
INFO: [ view_filter ] --START--
INFO: ContentReplace Behavior ::run [ RunTime:0.010152s ]
INFO: TokenBuild Behavior ::run [ RunTime:0.009826s ]
INFO: WriteHtmlCache Behavior ::run [ RunTime:0.009448s ]
INFO: ShowRuntime Behavior ::run [ RunTime:0.009471s ]
INFO: [ view_filter ] --END-- [ RunTime:0.039185s ]
INFO: [ view_end ] --START--
INFO: ShowPageTrace Behavior ::run [ RunTime:0.010846s ]
INFO: [ view_end ] --END-- [ RunTime:0.010929s ]

[ 2015-01-26T20:39:33+08:00 ] 127.0.0.1 /exunxi/BookManage.php/xwclass/update/id/12.html
INFO: [ route_check ] --START--
INFO: CheckRoute Behavior ::run [ RunTime:0.021718s ]
INFO: [ route_check ] --END-- [ RunTime:0.021904s ]
INFO: [ app_begin ] --START--
INFO: ReadHtmlCache Behavior ::run [ RunTime:0.013492s ]
INFO: [ app_begin ] --END-- [ RunTime:0.013625s ]
SQL: SHOW COLUMNS FROM `tg_xwclass` [ RunTime:0.011140s ]
SQL: SELECT * FROM `tg_xwclass` WHERE ( id=12 ) LIMIT 1   [ RunTime:0.002674s ]
SQL: SELECT * FROM `tg_xwclass` ORDER BY xh desc,id desc  [ RunTime:0.000706s ]
INFO: [ view_parse ] --START--
NOTIC: [8] Undefined variable: noClass G:\php\htdocs\exunxi\Bmanage\Runtime\Cache\64ca730956d11fd39e407128d9b8cd81.php 第 26 行.
INFO: ParseTemplate Behavior ::run [ RunTime:0.108482s ]
INFO: [ view_parse ] --END-- [ RunTime:0.108600s ]
INFO: [ view_filter ] --START--
INFO: ContentReplace Behavior ::run [ RunTime:0.009275s ]
INFO: TokenBuild Behavior ::run [ RunTime:0.009778s ]
INFO: WriteHtmlCache Behavior ::run [ RunTime:0.011479s ]
INFO: ShowRuntime Behavior ::run [ RunTime:0.010221s ]
INFO: [ view_filter ] --END-- [ RunTime:0.040996s ]
INFO: [ view_end ] --START--
INFO: ShowPageTrace Behavior ::run [ RunTime:0.009780s ]
INFO: [ view_end ] --END-- [ RunTime:0.009852s ]

[ 2015-01-26T20:39:35+08:00 ] 127.0.0.1 /exunxi/BookManage.php/xwclass/modify.html
INFO: [ route_check ] --START--
INFO: CheckRoute Behavior ::run [ RunTime:0.009683s ]
INFO: [ route_check ] --END-- [ RunTime:0.009799s ]
INFO: [ app_begin ] --START--
INFO: ReadHtmlCache Behavior ::run [ RunTime:0.009444s ]
INFO: [ app_begin ] --END-- [ RunTime:0.009528s ]
NOTIC: [8] Undefined index: classname G:\php\htdocs\exunxi\Bmanage\Lib\Action\XwclassAction.class.php 第 49 行.
NOTIC: [8] Undefined index: topid G:\php\htdocs\exunxi\Bmanage\Lib\Action\XwclassAction.class.php 第 50 行.
INFO: [ view_parse ] --START--
NOTIC: [8] Undefined variable: message G:\php\htdocs\exunxi\Bmanage\Runtime\Cache\e614d7b1ff250ccd7ce485f7ac1d3fbb.php 第 58 行.
NOTIC: [8] Undefined variable: message G:\php\htdocs\exunxi\Bmanage\Runtime\Cache\e614d7b1ff250ccd7ce485f7ac1d3fbb.php 第 64 行.
INFO: ParseTemplate Behavior ::run [ RunTime:0.057332s ]
INFO: [ view_parse ] --END-- [ RunTime:0.057418s ]
INFO: [ view_filter ] --START--
INFO: ContentReplace Behavior ::run [ RunTime:0.009279s ]
INFO: TokenBuild Behavior ::run [ RunTime:0.009609s ]
INFO: WriteHtmlCache Behavior ::run [ RunTime:0.009166s ]
INFO: ShowRuntime Behavior ::run [ RunTime:0.009411s ]
INFO: [ view_filter ] --END-- [ RunTime:0.037699s ]
INFO: [ view_end ] --START--
INFO: ShowPageTrace Behavior ::run [ RunTime:0.009460s ]
INFO: [ view_end ] --END-- [ RunTime:0.009529s ]

[ 2015-01-26T20:39:38+08:00 ] 127.0.0.1 /exunxi/BookManage.php/xwclass/update/id/0.html
INFO: [ route_check ] --START--
INFO: CheckRoute Behavior ::run [ RunTime:0.009616s ]
INFO: [ route_check ] --END-- [ RunTime:0.009713s ]
INFO: [ app_begin ] --START--
INFO: ReadHtmlCache Behavior ::run [ RunTime:0.009750s ]
INFO: [ app_begin ] --END-- [ RunTime:0.009835s ]
SQL: SHOW COLUMNS FROM `tg_xwclass` [ RunTime:0.011734s ]
SQL: SELECT * FROM `tg_xwclass` WHERE ( id=0 ) LIMIT 1   [ RunTime:0.003962s ]
SQL: SELECT * FROM `tg_xwclass` ORDER BY xh desc,id desc  [ RunTime:0.000957s ]
INFO: [ view_parse ] --START--
NOTIC: [8] Undefined variable: noClass G:\php\htdocs\exunxi\Bmanage\Runtime\Cache\64ca730956d11fd39e407128d9b8cd81.php 第 26 行.
INFO: ParseTemplate Behavior ::run [ RunTime:0.073822s ]
INFO: [ view_parse ] --END-- [ RunTime:0.073933s ]
INFO: [ view_filter ] --START--
INFO: ContentReplace Behavior ::run [ RunTime:0.009321s ]
INFO: TokenBuild Behavior ::run [ RunTime:0.009576s ]
INFO: WriteHtmlCache Behavior ::run [ RunTime:0.009483s ]
INFO: ShowRuntime Behavior ::run [ RunTime:0.009541s ]
INFO: [ view_filter ] --END-- [ RunTime:0.038152s ]
INFO: [ view_end ] --START--
INFO: ShowPageTrace Behavior ::run [ RunTime:0.010192s ]
INFO: [ view_end ] --END-- [ RunTime:0.010276s ]

[ 2015-01-26T20:39:48+08:00 ] 127.0.0.1 /exunxi/BookManage.php/xwclass/update/id/11.html
INFO: [ route_check ] --START--
INFO: CheckRoute Behavior ::run [ RunTime:0.010408s ]
INFO: [ route_check ] --END-- [ RunTime:0.010543s ]
INFO: [ app_begin ] --START--
INFO: ReadHtmlCache Behavior ::run [ RunTime:0.010218s ]
INFO: [ app_begin ] --END-- [ RunTime:0.010305s ]
SQL: SHOW COLUMNS FROM `tg_xwclass` [ RunTime:0.012372s ]
SQL: SELECT * FROM `tg_xwclass` WHERE ( id=11 ) LIMIT 1   [ RunTime:0.004141s ]
SQL: SELECT * FROM `tg_xwclass` ORDER BY xh desc,id desc  [ RunTime:0.001049s ]
INFO: [ view_parse ] --START--
NOTIC: [8] Undefined variable: noClass G:\php\htdocs\exunxi\Bmanage\Runtime\Cache\64ca730956d11fd39e407128d9b8cd81.php 第 26 行.
INFO: ParseTemplate Behavior ::run [ RunTime:0.068487s ]
INFO: [ view_parse ] --END-- [ RunTime:0.068590s ]
INFO: [ view_filter ] --START--
INFO: ContentReplace Behavior ::run [ RunTime:0.009563s ]
INFO: TokenBuild Behavior ::run [ RunTime:0.009317s ]
INFO: WriteHtmlCache Behavior ::run [ RunTime:0.009183s ]
INFO: ShowRuntime Behavior ::run [ RunTime:0.009406s ]
INFO: [ view_filter ] --END-- [ RunTime:0.037720s ]
INFO: [ view_end ] --START--
INFO: ShowPageTrace Behavior ::run [ RunTime:0.009476s ]
INFO: [ view_end ] --END-- [ RunTime:0.009548s ]

[ 2015-01-26T20:39:53+08:00 ] 127.0.0.1 /exunxi/BookManage.php/xwclass/modify.html
INFO: [ route_check ] --START--
INFO: CheckRoute Behavior ::run [ RunTime:0.010758s ]
INFO: [ route_check ] --END-- [ RunTime:0.010887s ]
INFO: [ app_begin ] --START--
INFO: ReadHtmlCache Behavior ::run [ RunTime:0.009540s ]
INFO: [ app_begin ] --END-- [ RunTime:0.009623s ]
NOTIC: [8] Undefined index: classname G:\php\htdocs\exunxi\Bmanage\Lib\Action\XwclassAction.class.php 第 49 行.
NOTIC: [8] Undefined index: topid G:\php\htdocs\exunxi\Bmanage\Lib\Action\XwclassAction.class.php 第 50 行.
INFO: [ view_parse ] --START--
NOTIC: [8] Undefined variable: message G:\php\htdocs\exunxi\Bmanage\Runtime\Cache\e614d7b1ff250ccd7ce485f7ac1d3fbb.php 第 58 行.
NOTIC: [8] Undefined variable: message G:\php\htdocs\exunxi\Bmanage\Runtime\Cache\e614d7b1ff250ccd7ce485f7ac1d3fbb.php 第 64 行.
INFO: ParseTemplate Behavior ::run [ RunTime:0.063555s ]
INFO: [ view_parse ] --END-- [ RunTime:0.063649s ]
INFO: [ view_filter ] --START--
INFO: ContentReplace Behavior ::run [ RunTime:0.009262s ]
INFO: TokenBuild Behavior ::run [ RunTime:0.009478s ]
INFO: WriteHtmlCache Behavior ::run [ RunTime:0.009119s ]
INFO: ShowRuntime Behavior ::run [ RunTime:0.009640s ]
INFO: [ view_filter ] --END-- [ RunTime:0.037710s ]
INFO: [ view_end ] --START--
INFO: ShowPageTrace Behavior ::run [ RunTime:0.009867s ]
INFO: [ view_end ] --END-- [ RunTime:0.009948s ]

[ 2015-01-26T20:39:58+08:00 ] 127.0.0.1 /exunxi/BookManage.php/xwclass/update/id/0.html
INFO: [ route_check ] --START--
INFO: CheckRoute Behavior ::run [ RunTime:0.009956s ]
INFO: [ route_check ] --END-- [ RunTime:0.010054s ]
INFO: [ app_begin ] --START--
INFO: ReadHtmlCache Behavior ::run [ RunTime:0.009455s ]
INFO: [ app_begin ] --END-- [ RunTime:0.009534s ]
SQL: SHOW COLUMNS FROM `tg_xwclass` [ RunTime:0.005526s ]
SQL: SELECT * FROM `tg_xwclass` WHERE ( id=0 ) LIMIT 1   [ RunTime:0.002106s ]
SQL: SELECT * FROM `tg_xwclass` ORDER BY xh desc,id desc  [ RunTime:0.000554s ]
INFO: [ view_parse ] --START--
NOTIC: [8] Undefined variable: noClass G:\php\htdocs\exunxi\Bmanage\Runtime\Cache\64ca730956d11fd39e407128d9b8cd81.php 第 26 行.
INFO: ParseTemplate Behavior ::run [ RunTime:0.062442s ]
INFO: [ view_parse ] --END-- [ RunTime:0.062535s ]
INFO: [ view_filter ] --START--
INFO: ContentReplace Behavior ::run [ RunTime:0.009346s ]
INFO: TokenBuild Behavior ::run [ RunTime:0.009662s ]
INFO: WriteHtmlCache Behavior ::run [ RunTime:0.010533s ]
INFO: ShowRuntime Behavior ::run [ RunTime:0.009311s ]
INFO: [ view_filter ] --END-- [ RunTime:0.039082s ]
INFO: [ view_end ] --START--
INFO: ShowPageTrace Behavior ::run [ RunTime:0.009576s ]
INFO: [ view_end ] --END-- [ RunTime:0.009648s ]

[ 2015-01-26T20:40:03+08:00 ] 127.0.0.1 /exunxi/BookManage.php/xwclass/update/id/11.html
INFO: [ route_check ] --START--
INFO: CheckRoute Behavior ::run [ RunTime:0.009732s ]
INFO: [ route_check ] --END-- [ RunTime:0.009831s ]
INFO: [ app_begin ] --START--
INFO: ReadHtmlCache Behavior ::run [ RunTime:0.009470s ]
INFO: [ app_begin ] --END-- [ RunTime:0.009559s ]
SQL: SHOW COLUMNS FROM `tg_xwclass` [ RunTime:0.013580s ]
SQL: SELECT * FROM `tg_xwclass` WHERE ( id=11 ) LIMIT 1   [ RunTime:0.001879s ]
SQL: SELECT * FROM `tg_xwclass` ORDER BY xh desc,id desc  [ RunTime:0.000627s ]
INFO: [ view_parse ] --START--
NOTIC: [8] Undefined variable: noClass G:\php\htdocs\exunxi\Bmanage\Runtime\Cache\64ca730956d11fd39e407128d9b8cd81.php 第 26 行.
INFO: ParseTemplate Behavior ::run [ RunTime:0.069188s ]
INFO: [ view_parse ] --END-- [ RunTime:0.069297s ]
INFO: [ view_filter ] --START--
INFO: ContentReplace Behavior ::run [ RunTime:0.009748s ]
INFO: TokenBuild Behavior ::run [ RunTime:0.009524s ]
INFO: WriteHtmlCache Behavior ::run [ RunTime:0.009453s ]
INFO: ShowRuntime Behavior ::run [ RunTime:0.009499s ]
INFO: [ view_filter ] --END-- [ RunTime:0.038454s ]
INFO: [ view_end ] --START--
INFO: ShowPageTrace Behavior ::run [ RunTime:0.009684s ]
INFO: [ view_end ] --END-- [ RunTime:0.009768s ]

[ 2015-01-26T20:40:22+08:00 ] 127.0.0.1 /exunxi/BookManage.php/xwclass/update/id/12.html
INFO: [ route_check ] --START--
INFO: CheckRoute Behavior ::run [ RunTime:0.010615s ]
INFO: [ route_check ] --END-- [ RunTime:0.010720s ]
INFO: [ app_begin ] --START--
INFO: ReadHtmlCache Behavior ::run [ RunTime:0.009681s ]
INFO: [ app_begin ] --END-- [ RunTime:0.009778s ]
SQL: SHOW COLUMNS FROM `tg_xwclass` [ RunTime:0.013264s ]
SQL: SELECT * FROM `tg_xwclass` WHERE ( id=12 ) LIMIT 1   [ RunTime:0.002398s ]
SQL: SELECT * FROM `tg_xwclass` ORDER BY xh desc,id desc  [ RunTime:0.000509s ]
INFO: [ view_parse ] --START--
NOTIC: [8] Undefined variable: noClass G:\php\htdocs\exunxi\Bmanage\Runtime\Cache\64ca730956d11fd39e407128d9b8cd81.php 第 26 行.
INFO: ParseTemplate Behavior ::run [ RunTime:0.074859s ]
INFO: [ view_parse ] --END-- [ RunTime:0.074965s ]
INFO: [ view_filter ] --START--
INFO: ContentReplace Behavior ::run [ RunTime:0.010522s ]
INFO: TokenBuild Behavior ::run [ RunTime:0.009404s ]
INFO: WriteHtmlCache Behavior ::run [ RunTime:0.009397s ]
INFO: ShowRuntime Behavior ::run [ RunTime:0.009739s ]
INFO: [ view_filter ] --END-- [ RunTime:0.039303s ]
INFO: [ view_end ] --START--
INFO: ShowPageTrace Behavior ::run [ RunTime:0.010149s ]
INFO: [ view_end ] --END-- [ RunTime:0.010231s ]

[ 2015-01-26T20:40:27+08:00 ] 127.0.0.1 /exunxi/BookManage.php/xwclass/modify.html
INFO: [ route_check ] --START--
INFO: CheckRoute Behavior ::run [ RunTime:0.010564s ]
INFO: [ route_check ] --END-- [ RunTime:0.010685s ]
INFO: [ app_begin ] --START--
INFO: ReadHtmlCache Behavior ::run [ RunTime:0.009652s ]
INFO: [ app_begin ] --END-- [ RunTime:0.009735s ]
NOTIC: [8] Undefined index: classname G:\php\htdocs\exunxi\Bmanage\Lib\Action\XwclassAction.class.php 第 49 行.
SQL: SHOW COLUMNS FROM `tg_xwclass` [ RunTime:0.005723s ]
SQL: SELECT `id`,`topid` FROM `tg_xwclass`  [ RunTime:0.043576s ]
INFO: [ view_parse ] --START--
NOTIC: [8] Undefined variable: message G:\php\htdocs\exunxi\Bmanage\Runtime\Cache\e614d7b1ff250ccd7ce485f7ac1d3fbb.php 第 58 行.
NOTIC: [8] Undefined variable: message G:\php\htdocs\exunxi\Bmanage\Runtime\Cache\e614d7b1ff250ccd7ce485f7ac1d3fbb.php 第 64 行.
INFO: ParseTemplate Behavior ::run [ RunTime:0.064337s ]
INFO: [ view_parse ] --END-- [ RunTime:0.064428s ]
INFO: [ view_filter ] --START--
INFO: ContentReplace Behavior ::run [ RunTime:0.009409s ]
INFO: TokenBuild Behavior ::run [ RunTime:0.009548s ]
INFO: WriteHtmlCache Behavior ::run [ RunTime:0.009094s ]
INFO: ShowRuntime Behavior ::run [ RunTime:0.009307s ]
INFO: [ view_filter ] --END-- [ RunTime:0.037569s ]
INFO: [ view_end ] --START--
INFO: ShowPageTrace Behavior ::run [ RunTime:0.009669s ]
INFO: [ view_end ] --END-- [ RunTime:0.009743s ]

[ 2015-01-26T20:40:34+08:00 ] 127.0.0.1 /exunxi/BookManage.php/xwclass/update/id/0.html
INFO: [ route_check ] --START--
INFO: CheckRoute Behavior ::run [ RunTime:0.009662s ]
INFO: [ route_check ] --END-- [ RunTime:0.009762s ]
INFO: [ app_begin ] --START--
INFO: ReadHtmlCache Behavior ::run [ RunTime:0.009507s ]
INFO: [ app_begin ] --END-- [ RunTime:0.009602s ]
SQL: SHOW COLUMNS FROM `tg_xwclass` [ RunTime:0.004846s ]
SQL: SELECT * FROM `tg_xwclass` WHERE ( id=0 ) LIMIT 1   [ RunTime:0.001588s ]
SQL: SELECT * FROM `tg_xwclass` ORDER BY xh desc,id desc  [ RunTime:0.000397s ]
INFO: [ view_parse ] --START--
NOTIC: [8] Undefined variable: noClass G:\php\htdocs\exunxi\Bmanage\Runtime\Cache\64ca730956d11fd39e407128d9b8cd81.php 第 26 行.
INFO: ParseTemplate Behavior ::run [ RunTime:0.064344s ]
INFO: [ view_parse ] --END-- [ RunTime:0.064443s ]
INFO: [ view_filter ] --START--
INFO: ContentReplace Behavior ::run [ RunTime:0.010380s ]
INFO: TokenBuild Behavior ::run [ RunTime:0.009885s ]
INFO: WriteHtmlCache Behavior ::run [ RunTime:0.009218s ]
INFO: ShowRuntime Behavior ::run [ RunTime:0.009578s ]
INFO: [ view_filter ] --END-- [ RunTime:0.039303s ]
INFO: [ view_end ] --START--
INFO: ShowPageTrace Behavior ::run [ RunTime:0.009490s ]
INFO: [ view_end ] --END-- [ RunTime:0.009560s ]

[ 2015-01-26T20:40:39+08:00 ] 127.0.0.1 /exunxi/BookManage.php/xwclass/update/id/12.html
INFO: [ route_check ] --START--
INFO: CheckRoute Behavior ::run [ RunTime:0.009777s ]
INFO: [ route_check ] --END-- [ RunTime:0.009882s ]
INFO: [ app_begin ] --START--
INFO: ReadHtmlCache Behavior ::run [ RunTime:0.009465s ]
INFO: [ app_begin ] --END-- [ RunTime:0.009557s ]
SQL: SHOW COLUMNS FROM `tg_xwclass` [ RunTime:0.009548s ]
SQL: SELECT * FROM `tg_xwclass` WHERE ( id=12 ) LIMIT 1   [ RunTime:0.003302s ]
SQL: SELECT * FROM `tg_xwclass` ORDER BY xh desc,id desc  [ RunTime:0.000848s ]
INFO: [ view_parse ] --START--
NOTIC: [8] Undefined variable: noClass G:\php\htdocs\exunxi\Bmanage\Runtime\Cache\64ca730956d11fd39e407128d9b8cd81.php 第 26 行.
INFO: ParseTemplate Behavior ::run [ RunTime:0.067831s ]
INFO: [ view_parse ] --END-- [ RunTime:0.067968s ]
INFO: [ view_filter ] --START--
INFO: ContentReplace Behavior ::run [ RunTime:0.009389s ]
INFO: TokenBuild Behavior ::run [ RunTime:0.009183s ]
INFO: WriteHtmlCache Behavior ::run [ RunTime:0.009189s ]
INFO: ShowRuntime Behavior ::run [ RunTime:0.010295s ]
INFO: [ view_filter ] --END-- [ RunTime:0.038276s ]
INFO: [ view_end ] --START--
INFO: ShowPageTrace Behavior ::run [ RunTime:0.009578s ]
INFO: [ view_end ] --END-- [ RunTime:0.009651s ]

[ 2015-01-26T20:40:54+08:00 ] 127.0.0.1 /exunxi/BookManage.php/xwclass/update/id/12.html
INFO: [ route_check ] --START--
INFO: CheckRoute Behavior ::run [ RunTime:0.012573s ]
INFO: [ route_check ] --END-- [ RunTime:0.012689s ]
INFO: [ app_begin ] --START--
INFO: ReadHtmlCache Behavior ::run [ RunTime:0.010240s ]
INFO: [ app_begin ] --END-- [ RunTime:0.010337s ]
SQL: SHOW COLUMNS FROM `tg_xwclass` [ RunTime:0.009928s ]
SQL: SELECT * FROM `tg_xwclass` WHERE ( id=12 ) LIMIT 1   [ RunTime:0.003116s ]
SQL: SELECT * FROM `tg_xwclass` ORDER BY xh desc,id desc  [ RunTime:0.000523s ]
INFO: [ view_parse ] --START--
NOTIC: [8] Undefined variable: noClass G:\php\htdocs\exunxi\Bmanage\Runtime\Cache\64ca730956d11fd39e407128d9b8cd81.php 第 26 行.
INFO: ParseTemplate Behavior ::run [ RunTime:0.064485s ]
INFO: [ view_parse ] --END-- [ RunTime:0.064593s ]
INFO: [ view_filter ] --START--
INFO: ContentReplace Behavior ::run [ RunTime:0.010946s ]
INFO: TokenBuild Behavior ::run [ RunTime:0.009726s ]
INFO: WriteHtmlCache Behavior ::run [ RunTime:0.009132s ]
INFO: ShowRuntime Behavior ::run [ RunTime:0.010621s ]
INFO: [ view_filter ] --END-- [ RunTime:0.040664s ]
INFO: [ view_end ] --START--
INFO: ShowPageTrace Behavior ::run [ RunTime:0.009901s ]
INFO: [ view_end ] --END-- [ RunTime:0.009983s ]

[ 2015-01-26T20:40:59+08:00 ] 127.0.0.1 /exunxi/BookManage.php/xwclass/modify.html
INFO: [ route_check ] --START--
INFO: CheckRoute Behavior ::run [ RunTime:0.009664s ]
INFO: [ route_check ] --END-- [ RunTime:0.009778s ]
INFO: [ app_begin ] --START--
INFO: ReadHtmlCache Behavior ::run [ RunTime:0.009517s ]
INFO: [ app_begin ] --END-- [ RunTime:0.009607s ]
NOTIC: [8] Undefined index: classname G:\php\htdocs\exunxi\Bmanage\Lib\Action\XwclassAction.class.php 第 49 行.
SQL: SHOW COLUMNS FROM `tg_xwclass` [ RunTime:0.012129s ]
SQL: SELECT `id`,`topid` FROM `tg_xwclass`  [ RunTime:0.004399s ]
INFO: [ view_parse ] --START--
NOTIC: [8] Undefined variable: message G:\php\htdocs\exunxi\Bmanage\Runtime\Cache\e614d7b1ff250ccd7ce485f7ac1d3fbb.php 第 58 行.
NOTIC: [8] Undefined variable: message G:\php\htdocs\exunxi\Bmanage\Runtime\Cache\e614d7b1ff250ccd7ce485f7ac1d3fbb.php 第 64 行.
INFO: ParseTemplate Behavior ::run [ RunTime:0.065292s ]
INFO: [ view_parse ] --END-- [ RunTime:0.065400s ]
INFO: [ view_filter ] --START--
INFO: ContentReplace Behavior ::run [ RunTime:0.010542s ]
INFO: TokenBuild Behavior ::run [ RunTime:0.009480s ]
INFO: WriteHtmlCache Behavior ::run [ RunTime:0.009967s ]
INFO: ShowRuntime Behavior ::run [ RunTime:0.009744s ]
INFO: [ view_filter ] --END-- [ RunTime:0.040244s ]
INFO: [ view_end ] --START--
INFO: ShowPageTrace Behavior ::run [ RunTime:0.010207s ]
INFO: [ view_end ] --END-- [ RunTime:0.010288s ]

[ 2015-01-26T20:41:08+08:00 ] 127.0.0.1 /exunxi/BookManage.php/xwclass/update/id/0.html
INFO: [ route_check ] --START--
INFO: CheckRoute Behavior ::run [ RunTime:0.010017s ]
INFO: [ route_check ] --END-- [ RunTime:0.010116s ]
INFO: [ app_begin ] --START--
INFO: ReadHtmlCache Behavior ::run [ RunTime:0.009387s ]
INFO: [ app_begin ] --END-- [ RunTime:0.009465s ]
SQL: SHOW COLUMNS FROM `tg_xwclass` [ RunTime:0.012188s ]
SQL: SELECT * FROM `tg_xwclass` WHERE ( id=0 ) LIMIT 1   [ RunTime:0.005131s ]
SQL: SELECT * FROM `tg_xwclass` ORDER BY xh desc,id desc  [ RunTime:0.006512s ]
INFO: [ view_parse ] --START--
NOTIC: [8] Undefined variable: noClass G:\php\htdocs\exunxi\Bmanage\Runtime\Cache\64ca730956d11fd39e407128d9b8cd81.php 第 26 行.
INFO: ParseTemplate Behavior ::run [ RunTime:0.070116s ]
INFO: [ view_parse ] --END-- [ RunTime:0.070280s ]
INFO: [ view_filter ] --START--
INFO: ContentReplace Behavior ::run [ RunTime:0.009339s ]
INFO: TokenBuild Behavior ::run [ RunTime:0.009170s ]
INFO: WriteHtmlCache Behavior ::run [ RunTime:0.009140s ]
INFO: ShowRuntime Behavior ::run [ RunTime:0.009350s ]
INFO: [ view_filter ] --END-- [ RunTime:0.037229s ]
INFO: [ view_end ] --START--
INFO: ShowPageTrace Behavior ::run [ RunTime:0.009484s ]
INFO: [ view_end ] --END-- [ RunTime:0.009555s ]

[ 2015-01-26T20:41:14+08:00 ] 127.0.0.1 /exunxi/BookManage.php/xwclass/update/id/12.html
INFO: [ route_check ] --START--
INFO: CheckRoute Behavior ::run [ RunTime:0.009745s ]
INFO: [ route_check ] --END-- [ RunTime:0.009854s ]
INFO: [ app_begin ] --START--
INFO: ReadHtmlCache Behavior ::run [ RunTime:0.009459s ]
INFO: [ app_begin ] --END-- [ RunTime:0.009545s ]
SQL: SHOW COLUMNS FROM `tg_xwclass` [ RunTime:0.011900s ]
SQL: SELECT * FROM `tg_xwclass` WHERE ( id=12 ) LIMIT 1   [ RunTime:0.003681s ]
SQL: SELECT * FROM `tg_xwclass` ORDER BY xh desc,id desc  [ RunTime:0.000952s ]
INFO: [ view_parse ] --START--
NOTIC: [8] Undefined variable: noClass G:\php\htdocs\exunxi\Bmanage\Runtime\Cache\64ca730956d11fd39e407128d9b8cd81.php 第 26 行.
INFO: ParseTemplate Behavior ::run [ RunTime:0.076343s ]
INFO: [ view_parse ] --END-- [ RunTime:0.076498s ]
INFO: [ view_filter ] --START--
INFO: ContentReplace Behavior ::run [ RunTime:0.009300s ]
INFO: TokenBuild Behavior ::run [ RunTime:0.009230s ]
INFO: WriteHtmlCache Behavior ::run [ RunTime:0.009138s ]
INFO: ShowRuntime Behavior ::run [ RunTime:0.009314s ]
INFO: [ view_filter ] --END-- [ RunTime:0.037206s ]
INFO: [ view_end ] --START--
INFO: ShowPageTrace Behavior ::run [ RunTime:0.009591s ]
INFO: [ view_end ] --END-- [ RunTime:0.009672s ]

[ 2015-01-26T20:41:52+08:00 ] 127.0.0.1 /exunxi/BookManage.php/xwclass/update/id/12.html
INFO: [ route_check ] --START--
INFO: CheckRoute Behavior ::run [ RunTime:0.011466s ]
INFO: [ route_check ] --END-- [ RunTime:0.011575s ]
INFO: [ app_begin ] --START--
INFO: ReadHtmlCache Behavior ::run [ RunTime:0.010060s ]
INFO: [ app_begin ] --END-- [ RunTime:0.010168s ]
SQL: SHOW COLUMNS FROM `tg_xwclass` [ RunTime:0.004892s ]
SQL: SELECT * FROM `tg_xwclass` WHERE ( id=12 ) LIMIT 1   [ RunTime:0.001635s ]
SQL: SELECT * FROM `tg_xwclass` ORDER BY xh desc,id desc  [ RunTime:0.000449s ]
INFO: [ view_parse ] --START--
INFO: ParseTemplate Behavior ::run [ RunTime:0.063454s ]
INFO: [ view_parse ] --END-- [ RunTime:0.063557s ]
INFO: [ view_filter ] --START--
INFO: ContentReplace Behavior ::run [ RunTime:0.009747s ]
INFO: TokenBuild Behavior ::run [ RunTime:0.009589s ]
INFO: WriteHtmlCache Behavior ::run [ RunTime:0.009701s ]
INFO: ShowRuntime Behavior ::run [ RunTime:0.009683s ]
INFO: [ view_filter ] --END-- [ RunTime:0.038980s ]
INFO: [ view_end ] --START--
INFO: ShowPageTrace Behavior ::run [ RunTime:0.009713s ]
INFO: [ view_end ] --END-- [ RunTime:0.009790s ]

[ 2015-01-26T20:41:54+08:00 ] 127.0.0.1 /exunxi/BookManage.php/xwclass/modify.html
INFO: [ route_check ] --START--
INFO: CheckRoute Behavior ::run [ RunTime:0.009730s ]
INFO: [ route_check ] --END-- [ RunTime:0.009848s ]
INFO: [ app_begin ] --START--
INFO: ReadHtmlCache Behavior ::run [ RunTime:0.009558s ]
INFO: [ app_begin ] --END-- [ RunTime:0.009658s ]
NOTIC: [8] Undefined index: classname G:\php\htdocs\exunxi\Bmanage\Lib\Action\XwclassAction.class.php 第 49 行.
SQL: SHOW COLUMNS FROM `tg_xwclass` [ RunTime:0.015817s ]
SQL: SELECT `id`,`topid` FROM `tg_xwclass`  [ RunTime:0.003977s ]
SQL: UPDATE `tg_xwclass` SET `classname`='',`topid`=11,`xh`=0 WHERE ( id=12 ) [ RunTime:0.113261s ]
INFO: [ view_parse ] --START--
NOTIC: [8] Undefined variable: message G:\php\htdocs\exunxi\Bmanage\Runtime\Cache\e614d7b1ff250ccd7ce485f7ac1d3fbb.php 第 58 行.
NOTIC: [8] Undefined variable: message G:\php\htdocs\exunxi\Bmanage\Runtime\Cache\e614d7b1ff250ccd7ce485f7ac1d3fbb.php 第 64 行.
INFO: ParseTemplate Behavior ::run [ RunTime:0.075171s ]
INFO: [ view_parse ] --END-- [ RunTime:0.075330s ]
INFO: [ view_filter ] --START--
INFO: ContentReplace Behavior ::run [ RunTime:0.009679s ]
INFO: TokenBuild Behavior ::run [ RunTime:0.011423s ]
INFO: WriteHtmlCache Behavior ::run [ RunTime:0.009420s ]
INFO: ShowRuntime Behavior ::run [ RunTime:0.009805s ]
INFO: [ view_filter ] --END-- [ RunTime:0.040582s ]
INFO: [ view_end ] --START--
INFO: ShowPageTrace Behavior ::run [ RunTime:0.009990s ]
INFO: [ view_end ] --END-- [ RunTime:0.010067s ]

[ 2015-01-26T20:41:58+08:00 ] 127.0.0.1 /exunxi/BookManage.php/xwclass/index.html
INFO: [ route_check ] --START--
INFO: CheckRoute Behavior ::run [ RunTime:0.009691s ]
INFO: [ route_check ] --END-- [ RunTime:0.009790s ]
INFO: [ app_begin ] --START--
INFO: ReadHtmlCache Behavior ::run [ RunTime:0.009401s ]
INFO: [ app_begin ] --END-- [ RunTime:0.009483s ]
SQL: SHOW COLUMNS FROM `tg_xwclass` [ RunTime:0.012203s ]
SQL: SELECT * FROM `tg_xwclass` ORDER BY xh desc,id desc  [ RunTime:0.009302s ]
INFO: [ view_parse ] --START--
INFO: ParseTemplate Behavior ::run [ RunTime:0.079867s ]
INFO: [ view_parse ] --END-- [ RunTime:0.080027s ]
INFO: [ view_filter ] --START--
INFO: ContentReplace Behavior ::run [ RunTime:0.009236s ]
INFO: TokenBuild Behavior ::run [ RunTime:0.009199s ]
INFO: WriteHtmlCache Behavior ::run [ RunTime:0.009135s ]
INFO: ShowRuntime Behavior ::run [ RunTime:0.009502s ]
INFO: [ view_filter ] --END-- [ RunTime:0.037300s ]
INFO: [ view_end ] --START--
INFO: ShowPageTrace Behavior ::run [ RunTime:0.009481s ]
INFO: [ view_end ] --END-- [ RunTime:0.009558s ]

[ 2015-01-26T20:42:09+08:00 ] 127.0.0.1 /exunxi/BookManage.php/xwclass/update/id/12.html
INFO: [ route_check ] --START--
INFO: CheckRoute Behavior ::run [ RunTime:0.010197s ]
INFO: [ route_check ] --END-- [ RunTime:0.010299s ]
INFO: [ app_begin ] --START--
INFO: ReadHtmlCache Behavior ::run [ RunTime:0.009602s ]
INFO: [ app_begin ] --END-- [ RunTime:0.009690s ]
SQL: SHOW COLUMNS FROM `tg_xwclass` [ RunTime:0.010238s ]
SQL: SELECT * FROM `tg_xwclass` WHERE ( id=12 ) LIMIT 1   [ RunTime:0.003563s ]
SQL: SELECT * FROM `tg_xwclass` ORDER BY xh desc,id desc  [ RunTime:0.000764s ]
INFO: [ view_parse ] --START--
INFO: ParseTemplate Behavior ::run [ RunTime:0.074109s ]
INFO: [ view_parse ] --END-- [ RunTime:0.074265s ]
INFO: [ view_filter ] --START--
INFO: ContentReplace Behavior ::run [ RunTime:0.009291s ]
INFO: TokenBuild Behavior ::run [ RunTime:0.009545s ]
INFO: WriteHtmlCache Behavior ::run [ RunTime:0.009082s ]
INFO: ShowRuntime Behavior ::run [ RunTime:0.009842s ]
INFO: [ view_filter ] --END-- [ RunTime:0.037974s ]
INFO: [ view_end ] --START--
INFO: ShowPageTrace Behavior ::run [ RunTime:0.010311s ]
INFO: [ view_end ] --END-- [ RunTime:0.010397s ]

[ 2015-01-26T20:42:28+08:00 ] 127.0.0.1 /exunxi/BookManage.php/index/artice-class.html
INFO: [ route_check ] --START--
INFO: CheckRoute Behavior ::run [ RunTime:0.010032s ]
INFO: [ route_check ] --END-- [ RunTime:0.010139s ]
INFO: [ app_begin ] --START--
INFO: ReadHtmlCache Behavior ::run [ RunTime:0.009658s ]
INFO: [ app_begin ] --END-- [ RunTime:0.009755s ]
ERR: 非法操作:artice-class

[ 2015-01-26T20:42:33+08:00 ] 127.0.0.1 /exunxi/BookManage.php/index/artice-list.html
INFO: [ route_check ] --START--
INFO: CheckRoute Behavior ::run [ RunTime:0.009728s ]
INFO: [ route_check ] --END-- [ RunTime:0.009855s ]
INFO: [ app_begin ] --START--
INFO: ReadHtmlCache Behavior ::run [ RunTime:0.009434s ]
INFO: [ app_begin ] --END-- [ RunTime:0.009529s ]
ERR: 非法操作:artice-list

[ 2015-01-26T20:42:36+08:00 ] 127.0.0.1 /exunxi/BookManage.php/xwclass/index.html
INFO: [ route_check ] --START--
INFO: CheckRoute Behavior ::run [ RunTime:0.010206s ]
INFO: [ route_check ] --END-- [ RunTime:0.010319s ]
INFO: [ app_begin ] --START--
INFO: ReadHtmlCache Behavior ::run [ RunTime:0.009798s ]
INFO: [ app_begin ] --END-- [ RunTime:0.009883s ]
SQL: SHOW COLUMNS FROM `tg_xwclass` [ RunTime:0.009476s ]
SQL: SELECT * FROM `tg_xwclass` ORDER BY xh desc,id desc  [ RunTime:0.002686s ]
INFO: [ view_parse ] --START--
INFO: ParseTemplate Behavior ::run [ RunTime:0.069473s ]
INFO: [ view_parse ] --END-- [ RunTime:0.069595s ]
INFO: [ view_filter ] --START--
INFO: ContentReplace Behavior ::run [ RunTime:0.010067s ]
INFO: TokenBuild Behavior ::run [ RunTime:0.010040s ]
INFO: WriteHtmlCache Behavior ::run [ RunTime:0.009744s ]
INFO: ShowRuntime Behavior ::run [ RunTime:0.009681s ]
INFO: [ view_filter ] --END-- [ RunTime:0.039770s ]
INFO: [ view_end ] --START--
INFO: ShowPageTrace Behavior ::run [ RunTime:0.013312s ]
INFO: [ view_end ] --END-- [ RunTime:0.013397s ]

[ 2015-01-26T20:43:21+08:00 ] 127.0.0.1 /exunxi/BookManage.php/xwclass/update/id/12.html
INFO: [ route_check ] --START--
INFO: CheckRoute Behavior ::run [ RunTime:0.009958s ]
INFO: [ route_check ] --END-- [ RunTime:0.010063s ]
INFO: [ app_begin ] --START--
INFO: ReadHtmlCache Behavior ::run [ RunTime:0.009825s ]
INFO: [ app_begin ] --END-- [ RunTime:0.009919s ]
SQL: SHOW COLUMNS FROM `tg_xwclass` [ RunTime:0.012644s ]
SQL: SELECT * FROM `tg_xwclass` WHERE ( id=12 ) LIMIT 1   [ RunTime:0.004745s ]
SQL: SELECT * FROM `tg_xwclass` ORDER BY xh desc,id desc  [ RunTime:0.001028s ]
INFO: [ view_parse ] --START--
INFO: ParseTemplate Behavior ::run [ RunTime:0.076257s ]
INFO: [ view_parse ] --END-- [ RunTime:0.076368s ]
INFO: [ view_filter ] --START--
INFO: ContentReplace Behavior ::run [ RunTime:0.009952s ]
INFO: TokenBuild Behavior ::run [ RunTime:0.009335s ]
INFO: WriteHtmlCache Behavior ::run [ RunTime:0.009499s ]
INFO: ShowRuntime Behavior ::run [ RunTime:0.009916s ]
INFO: [ view_filter ] --END-- [ RunTime:0.038939s ]
INFO: [ view_end ] --START--
INFO: ShowPageTrace Behavior ::run [ RunTime:0.009674s ]
INFO: [ view_end ] --END-- [ RunTime:0.009747s ]

[ 2015-01-26T20:43:26+08:00 ] 127.0.0.1 /exunxi/BookManage.php/xwclass/modify.html
INFO: [ route_check ] --START--
INFO: CheckRoute Behavior ::run [ RunTime:0.010002s ]
INFO: [ route_check ] --END-- [ RunTime:0.010118s ]
INFO: [ app_begin ] --START--
INFO: ReadHtmlCache Behavior ::run [ RunTime:0.009354s ]
INFO: [ app_begin ] --END-- [ RunTime:0.009430s ]
SQL: SHOW COLUMNS FROM `tg_xwclass` [ RunTime:0.012059s ]
SQL: SELECT `id`,`topid` FROM `tg_xwclass`  [ RunTime:0.004880s ]
SQL: UPDATE `tg_xwclass` SET `classname`='777',`topid`=11,`xh`=0 WHERE ( id=12 ) [ RunTime:0.001737s ]
INFO: [ view_parse ] --START--
NOTIC: [8] Undefined variable: message G:\php\htdocs\exunxi\Bmanage\Runtime\Cache\e614d7b1ff250ccd7ce485f7ac1d3fbb.php 第 58 行.
NOTIC: [8] Undefined variable: message G:\php\htdocs\exunxi\Bmanage\Runtime\Cache\e614d7b1ff250ccd7ce485f7ac1d3fbb.php 第 64 行.
INFO: ParseTemplate Behavior ::run [ RunTime:0.066753s ]
INFO: [ view_parse ] --END-- [ RunTime:0.066855s ]
INFO: [ view_filter ] --START--
INFO: ContentReplace Behavior ::run [ RunTime:0.009262s ]
INFO: TokenBuild Behavior ::run [ RunTime:0.009773s ]
INFO: WriteHtmlCache Behavior ::run [ RunTime:0.009077s ]
INFO: ShowRuntime Behavior ::run [ RunTime:0.009877s ]
INFO: [ view_filter ] --END-- [ RunTime:0.038211s ]
INFO: [ view_end ] --START--
INFO: ShowPageTrace Behavior ::run [ RunTime:0.010465s ]
INFO: [ view_end ] --END-- [ RunTime:0.010549s ]

[ 2015-01-26T20:43:35+08:00 ] 127.0.0.1 /exunxi/BookManage.php/index/index.html
INFO: [ route_check ] --START--
INFO: CheckRoute Behavior ::run [ RunTime:0.010613s ]
INFO: [ route_check ] --END-- [ RunTime:0.010718s ]
INFO: [ app_begin ] --START--
INFO: ReadHtmlCache Behavior ::run [ RunTime:0.009562s ]
INFO: [ app_begin ] --END-- [ RunTime:0.009645s ]
INFO: [ view_parse ] --START--
INFO: ParseTemplate Behavior ::run [ RunTime:0.063005s ]
INFO: [ view_parse ] --END-- [ RunTime:0.063104s ]
INFO: [ view_filter ] --START--
INFO: ContentReplace Behavior ::run [ RunTime:0.010100s ]
INFO: TokenBuild Behavior ::run [ RunTime:0.009495s ]
INFO: WriteHtmlCache Behavior ::run [ RunTime:0.009218s ]
INFO: ShowRuntime Behavior ::run [ RunTime:0.009532s ]
INFO: [ view_filter ] --END-- [ RunTime:0.038567s ]
INFO: [ view_end ] --START--
INFO: ShowPageTrace Behavior ::run [ RunTime:0.010818s ]
INFO: [ view_end ] --END-- [ RunTime:0.010907s ]

[ 2015-01-26T20:43:36+08:00 ] 127.0.0.1 /exunxi/BookManage.php/index/welcome.html
INFO: [ route_check ] --START--
INFO: CheckRoute Behavior ::run [ RunTime:0.015087s ]
INFO: [ route_check ] --END-- [ RunTime:0.015253s ]
INFO: [ app_begin ] --START--
INFO: ReadHtmlCache Behavior ::run [ RunTime:0.009792s ]
INFO: [ app_begin ] --END-- [ RunTime:0.009916s ]
INFO: [ view_parse ] --START--
INFO: ParseTemplate Behavior ::run [ RunTime:0.072869s ]
INFO: [ view_parse ] --END-- [ RunTime:0.073012s ]
INFO: [ view_filter ] --START--
INFO: ContentReplace Behavior ::run [ RunTime:0.009668s ]
INFO: TokenBuild Behavior ::run [ RunTime:0.009574s ]
INFO: WriteHtmlCache Behavior ::run [ RunTime:0.009553s ]
INFO: ShowRuntime Behavior ::run [ RunTime:0.012257s ]
INFO: [ view_filter ] --END-- [ RunTime:0.041309s ]
INFO: [ view_end ] --START--
INFO: ShowPageTrace Behavior ::run [ RunTime:0.009955s ]
INFO: [ view_end ] --END-- [ RunTime:0.010044s ]

[ 2015-01-26T20:43:40+08:00 ] 127.0.0.1 /exunxi/BookManage.php/xwclass/index.html
INFO: [ route_check ] --START--
INFO: CheckRoute Behavior ::run [ RunTime:0.009802s ]
INFO: [ route_check ] --END-- [ RunTime:0.009916s ]
INFO: [ app_begin ] --START--
INFO: ReadHtmlCache Behavior ::run [ RunTime:0.009381s ]
INFO: [ app_begin ] --END-- [ RunTime:0.009459s ]
SQL: SHOW COLUMNS FROM `tg_xwclass` [ RunTime:0.005121s ]
SQL: SELECT * FROM `tg_xwclass` ORDER BY xh desc,id desc  [ RunTime:0.001764s ]
INFO: [ view_parse ] --START--
INFO: ParseTemplate Behavior ::run [ RunTime:0.071095s ]
INFO: [ view_parse ] --END-- [ RunTime:0.071194s ]
INFO: [ view_filter ] --START--
INFO: ContentReplace Behavior ::run [ RunTime:0.009322s ]
INFO: TokenBuild Behavior ::run [ RunTime:0.009297s ]
INFO: WriteHtmlCache Behavior ::run [ RunTime:0.009098s ]
INFO: ShowRuntime Behavior ::run [ RunTime:0.009313s ]
INFO: [ view_filter ] --END-- [ RunTime:0.037247s ]
INFO: [ view_end ] --START--
INFO: ShowPageTrace Behavior ::run [ RunTime:0.009562s ]
INFO: [ view_end ] --END-- [ RunTime:0.009642s ]

